<?xml version="1.0" encoding="UTF-8"?>
<testsuite xmlns:xsi="http://www.w3.org/2001/XMLSchema-instance" xsi:noNamespaceSchemaLocation="https://maven.apache.org/surefire/maven-surefire-plugin/xsd/surefire-test-report-3.0.xsd" version="3.0" name="menu" time="131.202" tests="3" errors="0" skipped="0" failures="0">
  <properties>
[...]
</properties>
  <testcase name="Checking NOIZY STARTERS menu and prices" classname="menu" time="50.67">
    <system-out><![CDATA[
@regression
Scenario: Checking NOIZY STARTERS menu and prices &amp#27;[90m# src/test/resources/features/menu.feature:8&amp#27;[0m
THIS IS FROM @Before inside hooks class
  &amp#27;[32mGiven &amp#27;[0m&amp#27;[32muser at the menu page&amp#27;[0m                     &amp#27;[90m# com.noizyoysters.step_definition.MenuStepDef.user_at_the_menu_page()&amp#27;[0m
  &amp#27;[32mWhen &amp#27;[0m&amp#27;[32muser scroll down&amp#27;[0m                           &amp#27;[90m# com.noizyoysters.step_definition.MenuStepDef.user_scroll_down()&amp#27;[0m
  &amp#27;[32mThen &amp#27;[0m&amp#27;[32mmenu Noizy Starters has following&amp#27;[0m          &amp#27;[90m# com.noizyoysters.step_definition.MenuStepDef.menu_noizy_starters_has_following(java.util.Map<java.lang.String, java.lang.String>)&amp#27;[0m
    | Shrimp Cocktail       | $10.99 |
    | Golden Fried Calamari | $13.99 |
    | Ahi Tuna              | $13.99 |
    | Crab Nachos           | $18.99 |
    | Butterfly Shrimp      | $12.99 |
    | Noizy Crab Cakes      | $22.99 |
THIS IS FROM @After inside hooks class
]]></system-out>
    <system-err><![CDATA[[pool-2-thread-4] INFO io.github.bonigarcia.wdm.WebDriverManager - Using geckodriver 0.33.0 (resolved driver for Firefox 118)
[pool-2-thread-4] INFO io.github.bonigarcia.wdm.WebDriverManager - Exporting webdriver.gecko.driver as C:\Users\USER\.cache\selenium\geckodriver\win64\0.33.0\geckodriver.exe
1698215706623	geckodriver	INFO	Listening on 127.0.0.1:8039
1698215707720	mozrunner::runner	INFO	Running command: "C:\\Program Files\\Mozilla Firefox\\firefox.exe" "--marionette" "--remote-debugging-port" "24532" "--remote ... /localhost:24532/,http://[::1]:24532/" "-no-remote" "-profile" "C:\\Users\\USER\\AppData\\Local\\Temp\\rust_mozprofileePE4OC"
console.warn: services.settings: Ignoring preference override of remote settings server
console.warn: services.settings: Allow by setting MOZ_REMOTE_SETTINGS_DEVTOOLS=1 in the environment
1698215715843	Marionette	INFO	Marionette enabled
Dynamically enable window occlusion 0
1698215716073	Marionette	INFO	Listening on port 65392
WebDriver BiDi listening on ws://127.0.0.1:24532
Read port: 65392
1698215717282	RemoteAgent	WARN	TLS certificate errors will be ignored for this session
DevTools listening on ws://127.0.0.1:24532/devtools/browser/1e28a289-f39e-440a-b6a9-1c940ac79337
console.warn: services.settings: Ignoring preference override of remote settings server
console.warn: services.settings: Allow by setting MOZ_REMOTE_SETTINGS_DEVTOOLS=1 in the environment
console.error: (new TypeError("lazy.AsyncShutdown.profileBeforeChange is undefined", "resource://services-settings/Database.sys.mjs", 593))
console.error: ({})
1698215743907	RemoteAgent	INFO	Perform WebSocket upgrade for incoming connection from 127.0.0.1:49177
1698215743912	CDP	WARN	Invalid browser preferences for CDP. Set "fission.webContentIsolationStrategy"to 0 and "fission.bfcacheInParent" to false before Firefox starts.
1698215743945	Marionette	INFO	Stopped listening on port 65392
JavaScript warning: https://www.gstatic.com/recaptcha/releases/vm_YDiq1BiI3a8zfbIPZjtF2/recaptcha__en.js, line 526: Script terminated by timeout at:
V<@https://www.gstatic.com/recaptcha/releases/vm_YDiq1BiI3a8zfbIPZjtF2/recaptcha__en.js:526:415
@https://www.gstatic.com/recaptcha/releases/vm_YDiq1BiI3a8zfbIPZjtF2/recaptcha__en.js:839:471
E@https://www.gstatic.com/recaptcha/releases/vm_YDiq1BiI3a8zfbIPZjtF2/recaptcha__en.js:525:410

JavaScript warning: https://www.gstatic.com/recaptcha/releases/vm_YDiq1BiI3a8zfbIPZjtF2/recaptcha__en.js, line 477: Script terminated by timeout at:
X<@https://www.gstatic.com/recaptcha/releases/vm_YDiq1BiI3a8zfbIPZjtF2/recaptcha__en.js:477:306
Y8@https://www.gstatic.com/recaptcha/releases/vm_YDiq1BiI3a8zfbIPZjtF2/recaptcha__en.js:548:383
g<@https://www.gstatic.com/recaptcha/releases/vm_YDiq1BiI3a8zfbIPZjtF2/recaptcha__en.js:396:25
oG@https://www.gstatic.com/recaptcha/releases/vm_YDiq1BiI3a8zfbIPZjtF2/recaptcha__en.js:611:49
BD@https://www.gstatic.com/recaptcha/releases/vm_YDiq1BiI3a8zfbIPZjtF2/recaptcha__en.js:642:156
l@https://www.gstatic.com/recaptcha/releases/vm_YDiq1BiI3a8zfbIPZjtF2/recaptcha__en.js:155:402

Dynamically enable window occlusion 1
!!! error running onStopped callback: TypeError: callback is not a function
JavaScript error: resource://gre/modules/AddonManager.sys.mjs, line 1284: NS_ERROR_NOT_INITIALIZED: AddonManager is not initialized
]]></system-err>
  </testcase>
  <testcase name="Checking Flatbreads menue and prices" classname="menu" time="40.159">
    <system-out><![CDATA[
@regression
Scenario: Checking Flatbreads menue and prices &amp#27;[90m# src/test/resources/features/menu.feature:20&amp#27;[0m
THIS IS FROM @Before inside hooks class
  &amp#27;[32mGiven &amp#27;[0m&amp#27;[32muser at the menu page&amp#27;[0m                  &amp#27;[90m# com.noizyoysters.step_definition.MenuStepDef.user_at_the_menu_page()&amp#27;[0m
  &amp#27;[32mWhen &amp#27;[0m&amp#27;[32muser see section Flatbreads&amp#27;[0m             &amp#27;[90m# com.noizyoysters.step_definition.MenuStepDef.userSeeSectionFlatbreads()&amp#27;[0m
  &amp#27;[32mThen &amp#27;[0m&amp#27;[32mmenu Flatbreads contains following&amp#27;[0m      &amp#27;[90m# com.noizyoysters.step_definition.MenuStepDef.menuFlatbreadsContainsFollowing(java.util.Map<java.lang.String, java.lang.String>)&amp#27;[0m
    | Veggie Flatbread                | $13.99 |
    | BBQ Chicken Flatbread           | $13.99 |
    | Grilled Shrimp Scampi Flatbread | $14.99 |
    | Margarita Flatbread             | $13.99 |
    | Chicken Caprese Flatbread       | $14.99 |
THIS IS FROM @After inside hooks class
]]></system-out>
    <system-err><![CDATA[[pool-2-thread-4] INFO io.github.bonigarcia.wdm.WebDriverManager - Using geckodriver 0.33.0 (resolved driver for Firefox 118)
[pool-2-thread-4] INFO io.github.bonigarcia.wdm.WebDriverManager - Exporting webdriver.gecko.driver as C:\Users\USER\.cache\selenium\geckodriver\win64\0.33.0\geckodriver.exe
1698215756003	geckodriver	INFO	Listening on 127.0.0.1:20063
1698215756499	mozrunner::runner	INFO	Running command: "C:\\Program Files\\Mozilla Firefox\\firefox.exe" "--marionette" "--remote-debugging-port" "13990" "--remote ... /localhost:13990/,http://[::1]:13990/" "-no-remote" "-profile" "C:\\Users\\USER\\AppData\\Local\\Temp\\rust_mozprofileqqOe9U"
console.warn: services.settings: Ignoring preference override of remote settings server
console.warn: services.settings: Allow by setting MOZ_REMOTE_SETTINGS_DEVTOOLS=1 in the environment
1698215757470	Marionette	INFO	Marionette enabled
Dynamically enable window occlusion 0
1698215757692	Marionette	INFO	Listening on port 49266
WebDriver BiDi listening on ws://127.0.0.1:13990
Read port: 49266
1698215758658	RemoteAgent	WARN	TLS certificate errors will be ignored for this session
DevTools listening on ws://127.0.0.1:13990/devtools/browser/3507ee26-903a-4bd7-83f8-a5757a1f7b20
console.warn: services.settings: Ignoring preference override of remote settings server
console.warn: services.settings: Allow by setting MOZ_REMOTE_SETTINGS_DEVTOOLS=1 in the environment
console.error: (new TypeError("lazy.AsyncShutdown.profileBeforeChange is undefined", "resource://services-settings/Database.sys.mjs", 593))
console.error: ({})
1698215785065	RemoteAgent	INFO	Perform WebSocket upgrade for incoming connection from 127.0.0.1:49416
1698215785070	CDP	WARN	Invalid browser preferences for CDP. Set "fission.webContentIsolationStrategy"to 0 and "fission.bfcacheInParent" to false before Firefox starts.
1698215785084	Marionette	INFO	Stopped listening on port 49266
JavaScript warning: https://www.gstatic.com/recaptcha/releases/vm_YDiq1BiI3a8zfbIPZjtF2/recaptcha__en.js, line 526: Script terminated by timeout at:
V<@https://www.gstatic.com/recaptcha/releases/vm_YDiq1BiI3a8zfbIPZjtF2/recaptcha__en.js:526:415
@https://www.gstatic.com/recaptcha/releases/vm_YDiq1BiI3a8zfbIPZjtF2/recaptcha__en.js:839:471
E@https://www.gstatic.com/recaptcha/releases/vm_YDiq1BiI3a8zfbIPZjtF2/recaptcha__en.js:525:410

Dynamically enable window occlusion 1
!!! error running onStopped callback: TypeError: callback is not a function
1698215790630	addons.xpi	ERROR	System addon update list error Error: Failed downloading XML, status: 0, channelStatus: 2147746065, errorCode: 2, reason: error
console.error: (new Error("Polling for changes failed: NetworkError: Network request failed.", "resource://services-settings/remote-settings.sys.mjs", 321))
]]></system-err>
  </testcase>
  <testcase name="Checking SidesAndSoup menu" classname="menu" time="40.373">
    <system-out><![CDATA[
@regression
Scenario: Checking SidesAndSoup menu &amp#27;[90m# src/test/resources/features/menu.feature:31&amp#27;[0m
THIS IS FROM @Before inside hooks class
  &amp#27;[32mGiven &amp#27;[0m&amp#27;[32muser at the menu page&amp#27;[0m        &amp#27;[90m# com.noizyoysters.step_definition.MenuStepDef.user_at_the_menu_page()&amp#27;[0m
  &amp#27;[32mWhen &amp#27;[0m&amp#27;[32muser see Sides and Soup menu&amp#27;[0m  &amp#27;[90m# com.noizyoysters.step_definition.MenuStepDef.userSeeSidesAndSoupMenu()&amp#27;[0m
  &amp#27;[32mThen &amp#27;[0m&amp#27;[32mmenu contain items and prices&amp#27;[0m &amp#27;[90m# com.noizyoysters.step_definition.MenuStepDef.menuContainItemsAndPrices()&amp#27;[0m
THIS IS FROM @After inside hooks class
]]></system-out>
    <system-err><![CDATA[[pool-2-thread-4] INFO io.github.bonigarcia.wdm.WebDriverManager - Using geckodriver 0.33.0 (resolved driver for Firefox 118)
[pool-2-thread-4] INFO io.github.bonigarcia.wdm.WebDriverManager - Exporting webdriver.gecko.driver as C:\Users\USER\.cache\selenium\geckodriver\win64\0.33.0\geckodriver.exe
1698215796141	geckodriver	INFO	Listening on 127.0.0.1:13288
1698215796691	mozrunner::runner	INFO	Running command: "C:\\Program Files\\Mozilla Firefox\\firefox.exe" "--marionette" "--remote-debugging-port" "40854" "--remote ... /localhost:40854/,http://[::1]:40854/" "-no-remote" "-profile" "C:\\Users\\USER\\AppData\\Local\\Temp\\rust_mozprofilesvsQ9t"
console.warn: services.settings: Ignoring preference override of remote settings server
console.warn: services.settings: Allow by setting MOZ_REMOTE_SETTINGS_DEVTOOLS=1 in the environment
1698215797449	Marionette	INFO	Marionette enabled
Dynamically enable window occlusion 0
1698215797661	Marionette	INFO	Listening on port 49446
WebDriver BiDi listening on ws://127.0.0.1:40854
Read port: 49446
1698215798570	RemoteAgent	WARN	TLS certificate errors will be ignored for this session
DevTools listening on ws://127.0.0.1:40854/devtools/browser/cae4e3fc-a0c7-456e-9a04-e0872ab3332f
console.warn: services.settings: Ignoring preference override of remote settings server
console.warn: services.settings: Allow by setting MOZ_REMOTE_SETTINGS_DEVTOOLS=1 in the environment
console.error: (new TypeError("lazy.AsyncShutdown.profileBeforeChange is undefined", "resource://services-settings/Database.sys.mjs", 593))
console.error: ({})
1698215825209	RemoteAgent	INFO	Perform WebSocket upgrade for incoming connection from 127.0.0.1:49547
1698215825214	CDP	WARN	Invalid browser preferences for CDP. Set "fission.webContentIsolationStrategy"to 0 and "fission.bfcacheInParent" to false before Firefox starts.
1698215825392	Marionette	INFO	Stopped listening on port 49446
JavaScript warning: https://www.gstatic.com/recaptcha/releases/vm_YDiq1BiI3a8zfbIPZjtF2/recaptcha__en.js, line 526: Script terminated by timeout at:
V<@https://www.gstatic.com/recaptcha/releases/vm_YDiq1BiI3a8zfbIPZjtF2/recaptcha__en.js:526:415
@https://www.gstatic.com/recaptcha/releases/vm_YDiq1BiI3a8zfbIPZjtF2/recaptcha__en.js:839:471
E@https://www.gstatic.com/recaptcha/releases/vm_YDiq1BiI3a8zfbIPZjtF2/recaptcha__en.js:525:410

Dynamically enable window occlusion 1
!!! error running onStopped callback: TypeError: callback is not a function
1698215831163	addons.xpi	ERROR	System addon update list error Error: Failed downloading XML, status: 0, channelStatus: null, errorCode: 5, reason: error
]]></system-err>
  </testcase>
</testsuite>