<?xml version="1.0" encoding="UTF-8"?>
<testsuite xmlns:xsi="http://www.w3.org/2001/XMLSchema-instance" xsi:noNamespaceSchemaLocation="https://maven.apache.org/surefire/maven-surefire-plugin/xsd/surefire-test-report-3.0.xsd" version="3.0" name="User should be able to fill and submit reservation form" time="348.508" tests="15" errors="3" skipped="0" failures="0">
  <properties>
[...]
</properties>
  <testcase name="user enter correct data for 2 people and choosing time" classname="User should be able to fill and submit reservation form" time="34.337">
    <system-out><![CDATA[&amp#27;[32m&amp#27;[1m┌──────────────────────────────────────────────────────────────────────────┐&amp#27;[0m
&amp#27;[32m&amp#27;[1m│&amp#27;[0m View your Cucumber Report at:                                            &amp#27;[32m&amp#27;[1m│&amp#27;[0m
&amp#27;[32m&amp#27;[1m│&amp#27;[0m &amp#27;[1m&amp#27;[36m&amp#27;[4mhttps://reports.cucumber.io/reports/930dc662-4ec3-4cd9-ba50-b1edc4863b9a&amp#27;[0m &amp#27;[32m&amp#27;[1m│&amp#27;[0m
&amp#27;[32m&amp#27;[1m│&amp#27;[0m                                                                          &amp#27;[32m&amp#27;[1m│&amp#27;[0m
&amp#27;[32m&amp#27;[1m│&amp#27;[0m &amp#27;[1mThis report will self-destruct in 24h.&amp#27;[0m                                   &amp#27;[32m&amp#27;[1m│&amp#27;[0m
&amp#27;[32m&amp#27;[1m│&amp#27;[0m Keep reports forever: &amp#27;[4m&amp#27;[1m&amp#27;[36mhttps://reports.cucumber.io/profile&amp#27;[0m                &amp#27;[32m&amp#27;[1m│&amp#27;[0m
&amp#27;[32m&amp#27;[1m└──────────────────────────────────────────────────────────────────────────┘&amp#27;[0m

@regression
Scenario: user enter correct data for 2 people and choosing time    &amp#27;[90m# src/test/resources/features/reservation.feature:7&amp#27;[0m
THIS IS FROM @Before inside hooks class
  &amp#27;[32mGiven &amp#27;[0m&amp#27;[32muser at the online-reservation page&amp#27;[0m                         &amp#27;[90m# com.noizyoysters.step_definition.ReservationStepDef.user_at_the_online_reservation_page()&amp#27;[0m
  &amp#27;[32mWhen &amp#27;[0m&amp#27;[32muser enter information in all fields and click submit button&amp#27;[0m &amp#27;[90m# com.noizyoysters.step_definition.ReservationStepDef.user_enter_information_in_all_fields_and_click_submit_button()&amp#27;[0m
  &amp#27;[32mThen &amp#27;[0m&amp#27;[32muser will see reservation approved page&amp#27;[0m                      &amp#27;[90m# com.noizyoysters.step_definition.ReservationStepDef.user_will_see_reservation_approved_page()&amp#27;[0m
THIS IS FROM @After inside hooks class
]]></system-out>
    <system-err><![CDATA[[pool-2-thread-5] INFO io.github.bonigarcia.wdm.WebDriverManager - Using geckodriver 0.33.0 (resolved driver for Firefox 118)
[pool-2-thread-5] INFO io.github.bonigarcia.wdm.WebDriverManager - Exporting webdriver.gecko.driver as C:\Users\USER\.cache\selenium\geckodriver\win64\0.33.0\geckodriver.exe
1698215706647	geckodriver	INFO	Listening on 127.0.0.1:7012
1698215707714	mozrunner::runner	INFO	Running command: "C:\\Program Files\\Mozilla Firefox\\firefox.exe" "--marionette" "--remote-debugging-port" "44790" "--remote ... /localhost:44790/,http://[::1]:44790/" "-no-remote" "-profile" "C:\\Users\\USER\\AppData\\Local\\Temp\\rust_mozprofileJ4aIet"
console.warn: services.settings: Ignoring preference override of remote settings server
console.warn: services.settings: Allow by setting MOZ_REMOTE_SETTINGS_DEVTOOLS=1 in the environment
1698215709004	Marionette	INFO	Marionette enabled
Dynamically enable window occlusion 0
1698215709210	Marionette	INFO	Listening on port 65348
WebDriver BiDi listening on ws://127.0.0.1:44790
Read port: 65348
1698215710069	RemoteAgent	WARN	TLS certificate errors will be ignored for this session
DevTools listening on ws://127.0.0.1:44790/devtools/browser/a0c542e6-2bc8-41a6-bee2-69c4e14e3316
console.error: ({})
console.warn: services.settings: Ignoring preference override of remote settings server
console.warn: services.settings: Allow by setting MOZ_REMOTE_SETTINGS_DEVTOOLS=1 in the environment
console.error: (new TypeError("lazy.AsyncShutdown.profileBeforeChange is undefined", "resource://services-settings/Database.sys.mjs", 593))
1698215736338	RemoteAgent	INFO	Perform WebSocket upgrade for incoming connection from 127.0.0.1:49161
1698215736344	CDP	WARN	Invalid browser preferences for CDP. Set "fission.webContentIsolationStrategy"to 0 and "fission.bfcacheInParent" to false before Firefox starts.
1698215736369	Marionette	INFO	Stopped listening on port 65348
JavaScript warning: https://www.gstatic.com/recaptcha/releases/vm_YDiq1BiI3a8zfbIPZjtF2/recaptcha__en.js, line 525: Script terminated by timeout at:
E@https://www.gstatic.com/recaptcha/releases/vm_YDiq1BiI3a8zfbIPZjtF2/recaptcha__en.js:525:293

Dynamically enable window occlusion 1
!!! error running onStopped callback: TypeError: callback is not a function
]]></system-err>
  </testcase>
  <testcase name="user enters  all information except Name" classname="User should be able to fill and submit reservation form" time="28.39">
    <system-out><![CDATA[
@regression
Scenario: user enters  all information except Name &amp#27;[90m# src/test/resources/features/reservation.feature:12&amp#27;[0m
THIS IS FROM @Before inside hooks class
  &amp#27;[32mGiven &amp#27;[0m&amp#27;[32muser at the online-reservation page&amp#27;[0m        &amp#27;[90m# com.noizyoysters.step_definition.ReservationStepDef.user_at_the_online_reservation_page()&amp#27;[0m
  &amp#27;[32mWhen &amp#27;[0m&amp#27;[32muser enters all information except name&amp#27;[0m     &amp#27;[90m# com.noizyoysters.step_definition.ReservationStepDef.userEntersAllInformationExceptName()&amp#27;[0m
  &amp#27;[32mThen &amp#27;[0m&amp#27;[32muser should see warning sign for name&amp#27;[0m       &amp#27;[90m# com.noizyoysters.step_definition.ReservationStepDef.userShouldSeeWarningSignForName()&amp#27;[0m
THIS IS FROM @After inside hooks class
]]></system-out>
    <system-err><![CDATA[[pool-2-thread-5] INFO io.github.bonigarcia.wdm.WebDriverManager - Using geckodriver 0.33.0 (resolved driver for Firefox 118)
[pool-2-thread-5] INFO io.github.bonigarcia.wdm.WebDriverManager - Exporting webdriver.gecko.driver as C:\Users\USER\.cache\selenium\geckodriver\win64\0.33.0\geckodriver.exe
1698215739595	geckodriver	INFO	Listening on 127.0.0.1:37017
1698215740141	mozrunner::runner	INFO	Running command: "C:\\Program Files\\Mozilla Firefox\\firefox.exe" "--marionette" "--remote-debugging-port" "39367" "--remote ... /localhost:39367/,http://[::1]:39367/" "-no-remote" "-profile" "C:\\Users\\USER\\AppData\\Local\\Temp\\rust_mozprofileKg5LhV"
console.warn: services.settings: Ignoring preference override of remote settings server
console.warn: services.settings: Allow by setting MOZ_REMOTE_SETTINGS_DEVTOOLS=1 in the environment
1698215741205	Marionette	INFO	Marionette enabled
Dynamically enable window occlusion 0
1698215741405	Marionette	INFO	Listening on port 49168
WebDriver BiDi listening on ws://127.0.0.1:39367
Read port: 49168
1698215741955	RemoteAgent	WARN	TLS certificate errors will be ignored for this session
DevTools listening on ws://127.0.0.1:39367/devtools/browser/9a134c88-e744-4194-8446-dfbc285cba3e
console.warn: services.settings: Ignoring preference override of remote settings server
console.warn: services.settings: Allow by setting MOZ_REMOTE_SETTINGS_DEVTOOLS=1 in the environment
console.error: (new TypeError("lazy.AsyncShutdown.profileBeforeChange is undefined", "resource://services-settings/Database.sys.mjs", 593))
console.error: ({})
1698215756978	RemoteAgent	INFO	Perform WebSocket upgrade for incoming connection from 127.0.0.1:49264
1698215756983	CDP	WARN	Invalid browser preferences for CDP. Set "fission.webContentIsolationStrategy"to 0 and "fission.bfcacheInParent" to false before Firefox starts.
1698215756993	Marionette	INFO	Stopped listening on port 49168
Dynamically enable window occlusion 1
]]></system-err>
  </testcase>
  <testcase name="user enters all information except email" classname="User should be able to fill and submit reservation form" time="28.114">
    <system-out><![CDATA[
@regression
Scenario: user enters all information except email &amp#27;[90m# src/test/resources/features/reservation.feature:17&amp#27;[0m
THIS IS FROM @Before inside hooks class
  &amp#27;[32mGiven &amp#27;[0m&amp#27;[32muser at the online-reservation page&amp#27;[0m        &amp#27;[90m# com.noizyoysters.step_definition.ReservationStepDef.user_at_the_online_reservation_page()&amp#27;[0m
  &amp#27;[32mWhen &amp#27;[0m&amp#27;[32muser enter all information except email&amp#27;[0m     &amp#27;[90m# com.noizyoysters.step_definition.ReservationStepDef.userEnterAllInformationExceptEmail()&amp#27;[0m
  &amp#27;[32mThen &amp#27;[0m&amp#27;[32muser should see warning sign for email&amp#27;[0m      &amp#27;[90m# com.noizyoysters.step_definition.ReservationStepDef.userShouldSeeWarningSignForEmail()&amp#27;[0m
THIS IS FROM @After inside hooks class
]]></system-out>
    <system-err><![CDATA[[pool-2-thread-5] INFO io.github.bonigarcia.wdm.WebDriverManager - Using geckodriver 0.33.0 (resolved driver for Firefox 118)
[pool-2-thread-5] INFO io.github.bonigarcia.wdm.WebDriverManager - Exporting webdriver.gecko.driver as C:\Users\USER\.cache\selenium\geckodriver\win64\0.33.0\geckodriver.exe
1698215768005	geckodriver	INFO	Listening on 127.0.0.1:13362
1698215768511	mozrunner::runner	INFO	Running command: "C:\\Program Files\\Mozilla Firefox\\firefox.exe" "--marionette" "--remote-debugging-port" "48726" "--remote ... /localhost:48726/,http://[::1]:48726/" "-no-remote" "-profile" "C:\\Users\\USER\\AppData\\Local\\Temp\\rust_mozprofileqNNf4s"
console.warn: services.settings: Ignoring preference override of remote settings server
console.warn: services.settings: Allow by setting MOZ_REMOTE_SETTINGS_DEVTOOLS=1 in the environment
1698215769854	Marionette	INFO	Marionette enabled
Dynamically enable window occlusion 0
1698215770294	Marionette	INFO	Listening on port 49344
WebDriver BiDi listening on ws://127.0.0.1:48726
Read port: 49344
1698215771715	RemoteAgent	WARN	TLS certificate errors will be ignored for this session
DevTools listening on ws://127.0.0.1:48726/devtools/browser/63a4e82a-a21f-4da8-9bbb-77003134422e
console.warn: services.settings: Ignoring preference override of remote settings server
console.warn: services.settings: Allow by setting MOZ_REMOTE_SETTINGS_DEVTOOLS=1 in the environment
console.error: (new TypeError("lazy.AsyncShutdown.profileBeforeChange is undefined", "resource://services-settings/Database.sys.mjs", 593))
console.error: ({})
1698215791528	RemoteAgent	INFO	Perform WebSocket upgrade for incoming connection from 127.0.0.1:49433
1698215791533	CDP	WARN	Invalid browser preferences for CDP. Set "fission.webContentIsolationStrategy"to 0 and "fission.bfcacheInParent" to false before Firefox starts.
1698215791580	Marionette	INFO	Stopped listening on port 49344
JavaScript warning: https://www.gstatic.com/recaptcha/releases/vm_YDiq1BiI3a8zfbIPZjtF2/recaptcha__en.js, line 525: Script terminated by timeout at:
E@https://www.gstatic.com/recaptcha/releases/vm_YDiq1BiI3a8zfbIPZjtF2/recaptcha__en.js:525:293

Dynamically enable window occlusion 1
]]></system-err>
  </testcase>
  <testcase name="user enters all information except phone" classname="User should be able to fill and submit reservation form" time="41.156">
    <error message="The element with the reference 9ffb15b3-0557-4083-baa8-5389b35bf3c8 is stale; either its node document is not the active document, or it is no longer connected to the DOM&#10;For documentation on this error, please visit: https://selenium.dev/exceptions/#stale_element_reference&#10;Build info: version: &apos;4.8.1&apos;, revision: &apos;8ebccac989&apos;&#10;System info: os.name: &apos;Windows 10&apos;, os.arch: &apos;amd64&apos;, os.version: &apos;10.0&apos;, java.version: &apos;1.8.0_231&apos;&#10;Driver info: org.openqa.selenium.firefox.FirefoxDriver&#10;Command: [6df48dc7-b95e-4225-98ac-d178d194a43f, clickElement {id=9ffb15b3-0557-4083-baa8-5389b35bf3c8}]&#10;Capabilities {acceptInsecureCerts: true, browserName: firefox, browserVersion: 118.0.2, moz:accessibilityChecks: false, moz:buildID: 20231009140911, moz:debuggerAddress: 127.0.0.1:24980, moz:geckodriverVersion: 0.33.0, moz:headless: false, moz:platformVersion: 10.0, moz:processID: 14688, moz:profile: C:\Users\USER\AppData\Local..., moz:shutdownTimeout: 60000, moz:webdriverClick: true, moz:windowless: false, pageLoadStrategy: normal, platformName: WINDOWS, proxy: Proxy(), se:cdp: ws://127.0.0.1:24980/devtoo..., se:cdpVersion: 85.0, setWindowRect: true, strictFileInteractability: false, timeouts: {implicit: 0, pageLoad: 300000, script: 30000}, unhandledPromptBehavior: dismiss and notify}&#10;Element: [[FirefoxDriver: firefox on WINDOWS (6df48dc7-b95e-4225-98ac-d178d194a43f)] -&gt; xpath: //div[@class=&apos;xdsoft_time &apos;][2]]&#10;Session ID: 6df48dc7-b95e-4225-98ac-d178d194a43f" type="org.openqa.selenium.StaleElementReferenceException"><![CDATA[org.openqa.selenium.StaleElementReferenceException: 
The element with the reference 9ffb15b3-0557-4083-baa8-5389b35bf3c8 is stale; either its node document is not the active document, or it is no longer connected to the DOM
For documentation on this error, please visit: https://selenium.dev/exceptions/#stale_element_reference
Build info: version: '4.8.1', revision: '8ebccac989'
System info: os.name: 'Windows 10', os.arch: 'amd64', os.version: '10.0', java.version: '1.8.0_231'
Driver info: org.openqa.selenium.firefox.FirefoxDriver
Command: [6df48dc7-b95e-4225-98ac-d178d194a43f, clickElement {id=9ffb15b3-0557-4083-baa8-5389b35bf3c8}]
Capabilities {acceptInsecureCerts: true, browserName: firefox, browserVersion: 118.0.2, moz:accessibilityChecks: false, moz:buildID: 20231009140911, moz:debuggerAddress: 127.0.0.1:24980, moz:geckodriverVersion: 0.33.0, moz:headless: false, moz:platformVersion: 10.0, moz:processID: 14688, moz:profile: C:\Users\USER\AppData\Local..., moz:shutdownTimeout: 60000, moz:webdriverClick: true, moz:windowless: false, pageLoadStrategy: normal, platformName: WINDOWS, proxy: Proxy(), se:cdp: ws://127.0.0.1:24980/devtoo..., se:cdpVersion: 85.0, setWindowRect: true, strictFileInteractability: false, timeouts: {implicit: 0, pageLoad: 300000, script: 30000}, unhandledPromptBehavior: dismiss and notify}
Element: [[FirefoxDriver: firefox on WINDOWS (6df48dc7-b95e-4225-98ac-d178d194a43f)] -> xpath: //div[@class='xdsoft_time '][2]]
Session ID: 6df48dc7-b95e-4225-98ac-d178d194a43f
]]></error>
    <system-out><![CDATA[
@regression
Scenario: user enters all information except phone &amp#27;[90m# src/test/resources/features/reservation.feature:22&amp#27;[0m
THIS IS FROM @Before inside hooks class
  &amp#27;[32mGiven &amp#27;[0m&amp#27;[32muser at the online-reservation page&amp#27;[0m        &amp#27;[90m# com.noizyoysters.step_definition.ReservationStepDef.user_at_the_online_reservation_page()&amp#27;[0m
  &amp#27;[31mWhen &amp#27;[0m&amp#27;[31muser enter all information except phone&amp#27;[0m     &amp#27;[90m# com.noizyoysters.step_definition.ReservationStepDef.userEnterAllInformationExceptPhone()&amp#27;[0m
      &amp#27;[31morg.openqa.selenium.StaleElementReferenceException: The element with the reference 9ffb15b3-0557-4083-baa8-5389b35bf3c8 is stale; either its node document is not the active document, or it is no longer connected to the DOM
For documentation on this error, please visit: https://selenium.dev/exceptions/#stale_element_reference
Build info: version: '4.8.1', revision: '8ebccac989'
System info: os.name: 'Windows 10', os.arch: 'amd64', os.version: '10.0', java.version: '1.8.0_231'
Driver info: org.openqa.selenium.firefox.FirefoxDriver
Command: [6df48dc7-b95e-4225-98ac-d178d194a43f, clickElement {id=9ffb15b3-0557-4083-baa8-5389b35bf3c8}]
Capabilities {acceptInsecureCerts: true, browserName: firefox, browserVersion: 118.0.2, moz:accessibilityChecks: false, moz:buildID: 20231009140911, moz:debuggerAddress: 127.0.0.1:24980, moz:geckodriverVersion: 0.33.0, moz:headless: false, moz:platformVersion: 10.0, moz:processID: 14688, moz:profile: C:\Users\USER\AppData\Local..., moz:shutdownTimeout: 60000, moz:webdriverClick: true, moz:windowless: false, pageLoadStrategy: normal, platformName: WINDOWS, proxy: Proxy(), se:cdp: ws://127.0.0.1:24980/devtoo..., se:cdpVersion: 85.0, setWindowRect: true, strictFileInteractability: false, timeouts: {implicit: 0, pageLoad: 300000, script: 30000}, unhandledPromptBehavior: dismiss and notify}
Element: [[FirefoxDriver: firefox on WINDOWS (6df48dc7-b95e-4225-98ac-d178d194a43f)] -> xpath: //div[@class='xdsoft_time '][2]]
Session ID: 6df48dc7-b95e-4225-98ac-d178d194a43f
	at sun.reflect.NativeConstructorAccessorImpl.newInstance0(Native Method)
	at sun.reflect.NativeConstructorAccessorImpl.newInstance(NativeConstructorAccessorImpl.java:62)
	at sun.reflect.DelegatingConstructorAccessorImpl.newInstance(DelegatingConstructorAccessorImpl.java:45)
	at java.lang.reflect.Constructor.newInstance(Constructor.java:423)
	at org.openqa.selenium.remote.codec.w3c.W3CHttpResponseCodec.createException(W3CHttpResponseCodec.java:200)
	at org.openqa.selenium.remote.codec.w3c.W3CHttpResponseCodec.decode(W3CHttpResponseCodec.java:133)
	at org.openqa.selenium.remote.codec.w3c.W3CHttpResponseCodec.decode(W3CHttpResponseCodec.java:53)
	at org.openqa.selenium.remote.HttpCommandExecutor.execute(HttpCommandExecutor.java:184)
	at org.openqa.selenium.remote.service.DriverCommandExecutor.invokeExecute(DriverCommandExecutor.java:167)
	at org.openqa.selenium.remote.service.DriverCommandExecutor.execute(DriverCommandExecutor.java:142)
	at org.openqa.selenium.remote.RemoteWebDriver.execute(RemoteWebDriver.java:543)
	at org.openqa.selenium.remote.RemoteWebElement.execute(RemoteWebElement.java:257)
	at org.openqa.selenium.remote.RemoteWebElement.click(RemoteWebElement.java:78)
	at sun.reflect.NativeMethodAccessorImpl.invoke0(Native Method)
	at sun.reflect.NativeMethodAccessorImpl.invoke(NativeMethodAccessorImpl.java:62)
	at sun.reflect.DelegatingMethodAccessorImpl.invoke(DelegatingMethodAccessorImpl.java:43)
	at java.lang.reflect.Method.invoke(Method.java:498)
	at org.openqa.selenium.support.pagefactory.internal.LocatingElementHandler.invoke(LocatingElementHandler.java:52)
	at com.sun.proxy.$Proxy22.click(Unknown Source)
	at com.noizyoysters.step_definition.ReservationStepDef.userEnterAllInformationExceptPhone(ReservationStepDef.java:98)
	at вњЅ.user enter all information except phone(file:///C:/Users/USER/WORKSPACE/NoizyOysters/src/test/resources/features/reservation.feature:23)
&amp#27;[0m
  &amp#27;[36mThen &amp#27;[0m&amp#27;[36muser should see warning sing for phone&amp#27;[0m      &amp#27;[90m# com.noizyoysters.step_definition.ReservationStepDef.userShouldSeeWarningSingForPhone()&amp#27;[0m

    Embedding Attached img [image/png 89448 bytes]

THIS IS FROM @After inside hooks class
]]></system-out>
    <system-err><![CDATA[[pool-2-thread-5] INFO io.github.bonigarcia.wdm.WebDriverManager - Using geckodriver 0.33.0 (resolved driver for Firefox 118)
[pool-2-thread-5] INFO io.github.bonigarcia.wdm.WebDriverManager - Exporting webdriver.gecko.driver as C:\Users\USER\.cache\selenium\geckodriver\win64\0.33.0\geckodriver.exe
1698215796150	geckodriver	INFO	Listening on 127.0.0.1:24734
1698215796741	mozrunner::runner	INFO	Running command: "C:\\Program Files\\Mozilla Firefox\\firefox.exe" "--marionette" "--remote-debugging-port" "24980" "--remote ... /localhost:24980/,http://[::1]:24980/" "-no-remote" "-profile" "C:\\Users\\USER\\AppData\\Local\\Temp\\rust_mozprofileAHPwz7"
console.warn: services.settings: Ignoring preference override of remote settings server
console.warn: services.settings: Allow by setting MOZ_REMOTE_SETTINGS_DEVTOOLS=1 in the environment
1698215797513	Marionette	INFO	Marionette enabled
Dynamically enable window occlusion 0
1698215797800	Marionette	INFO	Listening on port 49447
WebDriver BiDi listening on ws://127.0.0.1:24980
Read port: 49447
1698215798748	RemoteAgent	WARN	TLS certificate errors will be ignored for this session
DevTools listening on ws://127.0.0.1:24980/devtools/browser/90425946-31ff-46e3-a510-1895818fa71f
console.error: ({})
console.warn: services.settings: Ignoring preference override of remote settings server
console.warn: services.settings: Allow by setting MOZ_REMOTE_SETTINGS_DEVTOOLS=1 in the environment
console.error: (new TypeError("lazy.AsyncShutdown.profileBeforeChange is undefined", "resource://services-settings/Database.sys.mjs", 593))
1698215829787	RemoteAgent	INFO	Perform WebSocket upgrade for incoming connection from 127.0.0.1:49560
1698215829793	CDP	WARN	Invalid browser preferences for CDP. Set "fission.webContentIsolationStrategy"to 0 and "fission.bfcacheInParent" to false before Firefox starts.
1698215830007	Marionette	INFO	Stopped listening on port 49447
JavaScript warning: https://www.gstatic.com/recaptcha/releases/vm_YDiq1BiI3a8zfbIPZjtF2/recaptcha__en.js, line 831: Script terminated by timeout at:
@https://www.gstatic.com/recaptcha/releases/vm_YDiq1BiI3a8zfbIPZjtF2/recaptcha__en.js:831:297
E@https://www.gstatic.com/recaptcha/releases/vm_YDiq1BiI3a8zfbIPZjtF2/recaptcha__en.js:525:410

Dynamically enable window occlusion 1
console.warn: services.settings: blocklists/addons-bloomfilters sync interrupted by shutdown
console.warn: services.settings: blocklists/gfx sync interrupted by shutdown
!!! error running onStopped callback: TypeError: callback is not a function
console.error: (new AbortError("IndexedDB: main/normandy-recipes getLastModified() IndexedDB:  execute() A request was aborted, for example through a call to IDBTransaction.abort.", "resource://services-settings/IDBHelpers.sys.mjs", 16))
]]></system-err>
  </testcase>
  <testcase name=" #1" classname="User should be able to fill and submit reservation form" time="18.521">
    <system-out><![CDATA[
@regression
Scenario Outline:                                          &amp#27;[90m# src/test/resources/features/reservation.feature:32&amp#27;[0m
THIS IS FROM @Before inside hooks class
  &amp#27;[32mGiven &amp#27;[0m&amp#27;[32muser at the online-reservation page&amp#27;[0m                &amp#27;[90m# com.noizyoysters.step_definition.ReservationStepDef.user_at_the_online_reservation_page()&amp#27;[0m
  &amp#27;[32mWhen &amp#27;[0m&amp#27;[32muser enter all information and choose &amp#27;[0m&amp#27;[32m&amp#27;[1m"2"&amp#27;[0m&amp#27;[32m of people&amp#27;[0m &amp#27;[90m# com.noizyoysters.step_definition.ReservationStepDef.userEnterAllInformationAndChooseOfPeople(java.lang.String)&amp#27;[0m
  &amp#27;[32mThen &amp#27;[0m&amp#27;[32muser should see correct quantity on the screen&amp#27;[0m      &amp#27;[90m# com.noizyoysters.step_definition.ReservationStepDef.userShouldSeeCorrectQuantityOnTheScreen()&amp#27;[0m
THIS IS FROM @After inside hooks class
]]></system-out>
    <system-err><![CDATA[[pool-2-thread-5] INFO io.github.bonigarcia.wdm.WebDriverManager - Using geckodriver 0.33.0 (resolved driver for Firefox 118)
[pool-2-thread-5] INFO io.github.bonigarcia.wdm.WebDriverManager - Exporting webdriver.gecko.driver as C:\Users\USER\.cache\selenium\geckodriver\win64\0.33.0\geckodriver.exe
1698215837557	geckodriver	INFO	Listening on 127.0.0.1:13507
1698215838043	mozrunner::runner	INFO	Running command: "C:\\Program Files\\Mozilla Firefox\\firefox.exe" "--marionette" "--remote-debugging-port" "3104" "--remote- ... ://localhost:3104/,http://[::1]:3104/" "-no-remote" "-profile" "C:\\Users\\USER\\AppData\\Local\\Temp\\rust_mozprofileMmyJy7"
console.warn: services.settings: Ignoring preference override of remote settings server
console.warn: services.settings: Allow by setting MOZ_REMOTE_SETTINGS_DEVTOOLS=1 in the environment
1698215839430	Marionette	INFO	Marionette enabled
Dynamically enable window occlusion 0
1698215839786	Marionette	INFO	Listening on port 49619
WebDriver BiDi listening on ws://127.0.0.1:3104
Read port: 49619
1698215840510	RemoteAgent	WARN	TLS certificate errors will be ignored for this session
DevTools listening on ws://127.0.0.1:3104/devtools/browser/c27e4455-6632-42ae-a6ea-41fc95c61e45
console.error: ({})
console.warn: services.settings: Ignoring preference override of remote settings server
console.warn: services.settings: Allow by setting MOZ_REMOTE_SETTINGS_DEVTOOLS=1 in the environment
console.error: (new TypeError("lazy.AsyncShutdown.profileBeforeChange is undefined", "resource://services-settings/Database.sys.mjs", 593))
1698215852379	RemoteAgent	INFO	Perform WebSocket upgrade for incoming connection from 127.0.0.1:49672
1698215852383	CDP	WARN	Invalid browser preferences for CDP. Set "fission.webContentIsolationStrategy"to 0 and "fission.bfcacheInParent" to false before Firefox starts.
1698215852398	Marionette	INFO	Stopped listening on port 49619
JavaScript warning: https://www.gstatic.com/recaptcha/releases/vm_YDiq1BiI3a8zfbIPZjtF2/recaptcha__en.js, line 529: Script terminated by timeout at:
V<@https://www.gstatic.com/recaptcha/releases/vm_YDiq1BiI3a8zfbIPZjtF2/recaptcha__en.js:529:474
V<@https://www.gstatic.com/recaptcha/releases/vm_YDiq1BiI3a8zfbIPZjtF2/recaptcha__en.js:509:321
V<@https://www.gstatic.com/recaptcha/releases/vm_YDiq1BiI3a8zfbIPZjtF2/recaptcha__en.js:508:60
I<@https://www.gstatic.com/recaptcha/releases/vm_YDiq1BiI3a8zfbIPZjtF2/recaptcha__en.js:274:405
K<@https://www.gstatic.com/recaptcha/releases/vm_YDiq1BiI3a8zfbIPZjtF2/recaptcha__en.js:97:47
V<@https://www.gstatic.com/recaptcha/releases/vm_YDiq1BiI3a8zfbIPZjtF2/recaptcha__en.js:492:203
X<@https://www.gstatic.com/recaptcha/releases/vm_YDiq1BiI3a8zfbIPZjtF2/recaptcha__en.js:436:430
T</u/T</U<@https://www.gstatic.com/recaptcha/releases/vm_YDiq1BiI3a8zfbIPZjtF2/recaptcha__en.js:168:268
V<@https://www.gstatic.com/recaptcha/releases/vm_YDiq1BiI3a8zfbIPZjtF2/recaptcha__en.js:526:490
T</B.S/T<@https://www.gstatic.com/recaptcha/releases/vm_YDiq1BiI3a8zfbIPZjtF2/recaptcha__en.js:151:46
X<@https://www.gstatic.com/recaptcha/releases/vm_YDiq1BiI3a8zfbIPZjtF2/recaptcha__en.js:461:436
V</this.next@https://www.gstatic.com/recaptcha/releases/vm_YDiq1BiI3a8zfbIPZjtF2/recaptcha__en.js:531:160
V</H<@https://www.gstatic.com/recaptcha/releases/vm_YDiq1BiI3a8zfbIPZjtF2/recaptcha__en.js:533:393
V<@https://www.gstatic.com/recaptcha/releases/vm_YDiq1BiI3a8zfbIPZjtF2/recaptcha__en.js:533:286
T<@https://www.gstatic.com/recaptcha/releases/vm_YDiq1BiI3a8zfbIPZjtF2/recaptcha__en.js:138:306
T</B.S@https://www.gstatic.com/recaptcha/releases/vm_YDiq1BiI3a8zfbIPZjtF2/recaptcha__en.js:150:409
T</u/T<@https://www.gstatic.com/recaptcha/releases/vm_YDiq1BiI3a8zfbIPZjtF2/recaptcha__en.js:168:294
X<@https://www.gstatic.com/recaptcha/releases/vm_YDiq1BiI3a8zfbIPZjtF2/recaptcha__en.js:461:436
V</this.next@https://www.gstatic.com/recaptcha/releases/vm_YDiq1BiI3a8zfbIPZjtF2/recaptcha__en.js:531:160
V</H<@https://www.gstatic.com/recaptcha/releases/vm_YDiq1BiI3a8zfbIPZjtF2/recaptcha__en.js:533:393
V<@https://www.gstatic.com/recaptcha/releases/vm_YDiq1BiI3a8zfbIPZjtF2/recaptcha__en.js:533:286
T<@https://www.gstatic.com/recaptcha/releases/vm_YDiq1BiI3a8zfbIPZjtF2/recaptcha__en.js:138:306
u@https://www.gstatic.com/recaptcha/releases/vm_YDiq1BiI3a8zfbIPZjtF2/recaptcha__en.js:167:458
I</n</<@https://www.gstatic.com/recaptcha/releases/vm_YDiq1BiI3a8zfbIPZjtF2/recaptcha__en.js:324:201
I</n<@https://www.gstatic.com/recaptcha/releases/vm_YDiq1BiI3a8zfbIPZjtF2/recaptcha__en.js:324:170
X<@https://www.gstatic.com/recaptcha/releases/vm_YDiq1BiI3a8zfbIPZjtF2/recaptcha__en.js:461:436
V</this.next@https://www.gstatic.com/recaptcha/releases/vm_YDiq1BiI3a8zfbIPZjtF2/recaptcha__en.js:531:160
V</H<@https://www.gstatic.com/recaptcha/releases/vm_YDiq1BiI3a8zfbIPZjtF2/recaptcha__en.js:533:393
V<@https://www.gstatic.com/recaptcha/releases/vm_YDiq1BiI3a8zfbIPZjtF2/recaptcha__en.js:533:286
T<@https://www.gstatic.com/recaptcha/releases/vm_YDiq1BiI3a8zfbIPZjtF2/recaptcha__en.js:138:306
I<@https://www.gstatic.com/recaptcha/releases/vm_YDiq1BiI3a8zfbIPZjtF2/recaptcha__en.js:323:476
T</u/T</U<@https://www.gstatic.com/recaptcha/releases/vm_YDiq1BiI3a8zfbIPZjtF2/recaptcha__en.js:168:268
V<@https://www.gstatic.com/recaptcha/releases/vm_YDiq1BiI3a8zfbIPZjtF2/recaptcha__en.js:526:490
T</B.S/T<@https://www.gstatic.com/recaptcha/releases/vm_YDiq1BiI3a8zfbIPZjtF2/recaptcha__en.js:151:46
X<@https://www.gstatic.com/recaptcha/releases/vm_YDiq1BiI3a8zfbIPZjtF2/recaptcha__en.js:461:436
V</this.next@https://www.gstatic.com/recaptcha/releases/vm_YDiq1BiI3a8zfbIPZjtF2/recaptcha__en.js:531:160
V</H<@https://www.gstatic.com/recaptcha/releases/vm_YDiq1BiI3a8zfbIPZjtF2/recaptcha__en.js:533:393
V<@https://www.gstatic.com/recaptcha/releases/vm_YDiq1BiI3a8zfbIPZjtF2/recaptcha__en.js:533:286
T<@https://www.gstatic.com/recaptcha/releases/vm_YDiq1BiI3a8zfbIPZjtF2/recaptcha__en.js:138:306
T</B.S@https://www.gstatic.com/recaptcha/releases/vm_YDiq1BiI3a8zfbIPZjtF2/recaptcha__en.js:150:409
T</u/T<@https://www.gstatic.com/recaptcha/releases/vm_YDiq1BiI3a8zfbIPZjtF2/recaptcha__en.js:168:294
X<@https://www.gstatic.com/recaptcha/releases/vm_YDiq1BiI3a8zfbIPZjtF2/recaptcha__en.js:461:436
V</this.next@https://www.gstatic.com/recaptcha/releases/vm_YDiq1BiI3a8zfbIPZjtF2/recaptcha__en.js:531:160
V</H<@https://www.gstatic.com/recaptcha/releases/vm_YDiq1BiI3a8zfbIPZjtF2/recaptcha__en.js:533:393
V<@https://www.gstatic.com/recaptcha/releases/vm_YDiq1BiI3a8zfbIPZjtF2/recaptcha__en.js:533:286
T<@https://www.gstatic.com/recaptcha/releases/vm_YDiq1BiI3a8zfbIPZjtF2/recaptcha__en.js:138:306
u@https://www.gstatic.com/recaptcha/releases/vm_YDiq1BiI3a8zfbIPZjtF2/recaptcha__en.js:167:458
@https://www.gstatic.com/recaptcha/releases/vm_YDiq1BiI3a8zfbIPZjtF2/recaptcha__en.js:945:296
X<@https://www.gstatic.com/recaptcha/releases/vm_YDiq1BiI3a8zfbIPZjtF2/recaptcha__en.js:461:436
V</this.next@https://www.gstatic.com/recaptcha/releases/vm_YDiq1BiI3a8zfbIPZjtF2/recaptcha__en.js:531:160
V</H<@https://www.gstatic.com/recaptcha/releases/vm_YDiq1BiI3a8zfbIPZjtF2/recaptcha__en.js:533:393
V<@https://www.gstatic.com/recaptcha/releases/vm_YDiq1BiI3a8zfbIPZjtF2/recaptcha__en.js:533:286
T<@https://www.gstatic.com/recaptcha/releases/vm_YDiq1BiI3a8zfbIPZjtF2/recaptcha__en.js:138:306
@https://www.gstatic.com/recaptcha/releases/vm_YDiq1BiI3a8zfbIPZjtF2/recaptcha__en.js:945:117
g</a</<@https://www.gstatic.com/recaptcha/releases/vm_YDiq1BiI3a8zfbIPZjtF2/recaptcha__en.js:394:84
g</a<@https://www.gstatic.com/recaptcha/releases/vm_YDiq1BiI3a8zfbIPZjtF2/recaptcha__en.js:394:56
X<@https://www.gstatic.com/recaptcha/releases/vm_YDiq1BiI3a8zfbIPZjtF2/recaptcha__en.js:461:436
V</this.next@https://www.gstatic.com/recaptcha/releases/vm_YDiq1BiI3a8zfbIPZjtF2/recaptcha__en.js:531:160
B@https://www.gstatic.com/recaptcha/releases/vm_YDiq1BiI3a8zfbIPZjtF2/recaptcha__en.js:533:239

JavaScript warning: https://www.gstatic.com/recaptcha/releases/vm_YDiq1BiI3a8zfbIPZjtF2/recaptcha__en.js, line 155: Script terminated by timeout at:
l@https://www.gstatic.com/recaptcha/releases/vm_YDiq1BiI3a8zfbIPZjtF2/recaptcha__en.js:155:393

Dynamically enable window occlusion 1
]]></system-err>
  </testcase>
  <testcase name=" #2" classname="User should be able to fill and submit reservation form" time="24.283">
    <error message="The element with the reference c06ba470-e43c-4a8b-9d78-e53a48407a16 is stale; either its node document is not the active document, or it is no longer connected to the DOM&#10;For documentation on this error, please visit: https://selenium.dev/exceptions/#stale_element_reference&#10;Build info: version: &apos;4.8.1&apos;, revision: &apos;8ebccac989&apos;&#10;System info: os.name: &apos;Windows 10&apos;, os.arch: &apos;amd64&apos;, os.version: &apos;10.0&apos;, java.version: &apos;1.8.0_231&apos;&#10;Driver info: org.openqa.selenium.firefox.FirefoxDriver&#10;Command: [5d22062b-e937-424e-9537-75561141009d, clickElement {id=c06ba470-e43c-4a8b-9d78-e53a48407a16}]&#10;Capabilities {acceptInsecureCerts: true, browserName: firefox, browserVersion: 118.0.2, moz:accessibilityChecks: false, moz:buildID: 20231009140911, moz:debuggerAddress: 127.0.0.1:9552, moz:geckodriverVersion: 0.33.0, moz:headless: false, moz:platformVersion: 10.0, moz:processID: 14048, moz:profile: C:\Users\USER\AppData\Local..., moz:shutdownTimeout: 60000, moz:webdriverClick: true, moz:windowless: false, pageLoadStrategy: normal, platformName: WINDOWS, proxy: Proxy(), se:cdp: ws://127.0.0.1:9552/devtool..., se:cdpVersion: 85.0, setWindowRect: true, strictFileInteractability: false, timeouts: {implicit: 0, pageLoad: 300000, script: 30000}, unhandledPromptBehavior: dismiss and notify}&#10;Element: [[FirefoxDriver: firefox on WINDOWS (5d22062b-e937-424e-9537-75561141009d)] -&gt; xpath: //div[@class=&apos;xdsoft_time &apos;][2]]&#10;Session ID: 5d22062b-e937-424e-9537-75561141009d" type="org.openqa.selenium.StaleElementReferenceException"><![CDATA[org.openqa.selenium.StaleElementReferenceException: 
The element with the reference c06ba470-e43c-4a8b-9d78-e53a48407a16 is stale; either its node document is not the active document, or it is no longer connected to the DOM
For documentation on this error, please visit: https://selenium.dev/exceptions/#stale_element_reference
Build info: version: '4.8.1', revision: '8ebccac989'
System info: os.name: 'Windows 10', os.arch: 'amd64', os.version: '10.0', java.version: '1.8.0_231'
Driver info: org.openqa.selenium.firefox.FirefoxDriver
Command: [5d22062b-e937-424e-9537-75561141009d, clickElement {id=c06ba470-e43c-4a8b-9d78-e53a48407a16}]
Capabilities {acceptInsecureCerts: true, browserName: firefox, browserVersion: 118.0.2, moz:accessibilityChecks: false, moz:buildID: 20231009140911, moz:debuggerAddress: 127.0.0.1:9552, moz:geckodriverVersion: 0.33.0, moz:headless: false, moz:platformVersion: 10.0, moz:processID: 14048, moz:profile: C:\Users\USER\AppData\Local..., moz:shutdownTimeout: 60000, moz:webdriverClick: true, moz:windowless: false, pageLoadStrategy: normal, platformName: WINDOWS, proxy: Proxy(), se:cdp: ws://127.0.0.1:9552/devtool..., se:cdpVersion: 85.0, setWindowRect: true, strictFileInteractability: false, timeouts: {implicit: 0, pageLoad: 300000, script: 30000}, unhandledPromptBehavior: dismiss and notify}
Element: [[FirefoxDriver: firefox on WINDOWS (5d22062b-e937-424e-9537-75561141009d)] -> xpath: //div[@class='xdsoft_time '][2]]
Session ID: 5d22062b-e937-424e-9537-75561141009d
]]></error>
    <system-out><![CDATA[
@regression
Scenario Outline:                                          &amp#27;[90m# src/test/resources/features/reservation.feature:33&amp#27;[0m
THIS IS FROM @Before inside hooks class
  &amp#27;[32mGiven &amp#27;[0m&amp#27;[32muser at the online-reservation page&amp#27;[0m                &amp#27;[90m# com.noizyoysters.step_definition.ReservationStepDef.user_at_the_online_reservation_page()&amp#27;[0m
  &amp#27;[31mWhen &amp#27;[0m&amp#27;[31muser enter all information and choose &amp#27;[0m&amp#27;[31m&amp#27;[1m"3"&amp#27;[0m&amp#27;[31m of people&amp#27;[0m &amp#27;[90m# com.noizyoysters.step_definition.ReservationStepDef.userEnterAllInformationAndChooseOfPeople(java.lang.String)&amp#27;[0m
      &amp#27;[31morg.openqa.selenium.StaleElementReferenceException: The element with the reference c06ba470-e43c-4a8b-9d78-e53a48407a16 is stale; either its node document is not the active document, or it is no longer connected to the DOM
For documentation on this error, please visit: https://selenium.dev/exceptions/#stale_element_reference
Build info: version: '4.8.1', revision: '8ebccac989'
System info: os.name: 'Windows 10', os.arch: 'amd64', os.version: '10.0', java.version: '1.8.0_231'
Driver info: org.openqa.selenium.firefox.FirefoxDriver
Command: [5d22062b-e937-424e-9537-75561141009d, clickElement {id=c06ba470-e43c-4a8b-9d78-e53a48407a16}]
Capabilities {acceptInsecureCerts: true, browserName: firefox, browserVersion: 118.0.2, moz:accessibilityChecks: false, moz:buildID: 20231009140911, moz:debuggerAddress: 127.0.0.1:9552, moz:geckodriverVersion: 0.33.0, moz:headless: false, moz:platformVersion: 10.0, moz:processID: 14048, moz:profile: C:\Users\USER\AppData\Local..., moz:shutdownTimeout: 60000, moz:webdriverClick: true, moz:windowless: false, pageLoadStrategy: normal, platformName: WINDOWS, proxy: Proxy(), se:cdp: ws://127.0.0.1:9552/devtool..., se:cdpVersion: 85.0, setWindowRect: true, strictFileInteractability: false, timeouts: {implicit: 0, pageLoad: 300000, script: 30000}, unhandledPromptBehavior: dismiss and notify}
Element: [[FirefoxDriver: firefox on WINDOWS (5d22062b-e937-424e-9537-75561141009d)] -> xpath: //div[@class='xdsoft_time '][2]]
Session ID: 5d22062b-e937-424e-9537-75561141009d
	at sun.reflect.NativeConstructorAccessorImpl.newInstance0(Native Method)
	at sun.reflect.NativeConstructorAccessorImpl.newInstance(NativeConstructorAccessorImpl.java:62)
	at sun.reflect.DelegatingConstructorAccessorImpl.newInstance(DelegatingConstructorAccessorImpl.java:45)
	at java.lang.reflect.Constructor.newInstance(Constructor.java:423)
	at org.openqa.selenium.remote.codec.w3c.W3CHttpResponseCodec.createException(W3CHttpResponseCodec.java:200)
	at org.openqa.selenium.remote.codec.w3c.W3CHttpResponseCodec.decode(W3CHttpResponseCodec.java:133)
	at org.openqa.selenium.remote.codec.w3c.W3CHttpResponseCodec.decode(W3CHttpResponseCodec.java:53)
	at org.openqa.selenium.remote.HttpCommandExecutor.execute(HttpCommandExecutor.java:184)
	at org.openqa.selenium.remote.service.DriverCommandExecutor.invokeExecute(DriverCommandExecutor.java:167)
	at org.openqa.selenium.remote.service.DriverCommandExecutor.execute(DriverCommandExecutor.java:142)
	at org.openqa.selenium.remote.RemoteWebDriver.execute(RemoteWebDriver.java:543)
	at org.openqa.selenium.remote.RemoteWebElement.execute(RemoteWebElement.java:257)
	at org.openqa.selenium.remote.RemoteWebElement.click(RemoteWebElement.java:78)
	at sun.reflect.GeneratedMethodAccessor111.invoke(Unknown Source)
	at sun.reflect.DelegatingMethodAccessorImpl.invoke(DelegatingMethodAccessorImpl.java:43)
	at java.lang.reflect.Method.invoke(Method.java:498)
	at org.openqa.selenium.support.pagefactory.internal.LocatingElementHandler.invoke(LocatingElementHandler.java:52)
	at com.sun.proxy.$Proxy22.click(Unknown Source)
	at com.noizyoysters.step_definition.ReservationStepDef.userEnterAllInformationAndChooseOfPeople(ReservationStepDef.java:119)
	at вњЅ.user enter all information and choose "3" of people(file:///C:/Users/USER/WORKSPACE/NoizyOysters/src/test/resources/features/reservation.feature:28)
&amp#27;[0m
  &amp#27;[36mThen &amp#27;[0m&amp#27;[36muser should see correct quantity on the screen&amp#27;[0m      &amp#27;[90m# com.noizyoysters.step_definition.ReservationStepDef.userShouldSeeCorrectQuantityOnTheScreen()&amp#27;[0m

    Embedding Attached img [image/png 75087 bytes]

THIS IS FROM @After inside hooks class
]]></system-out>
    <system-err><![CDATA[[pool-2-thread-5] INFO io.github.bonigarcia.wdm.WebDriverManager - Using geckodriver 0.33.0 (resolved driver for Firefox 118)
[pool-2-thread-5] INFO io.github.bonigarcia.wdm.WebDriverManager - Exporting webdriver.gecko.driver as C:\Users\USER\.cache\selenium\geckodriver\win64\0.33.0\geckodriver.exe
1698215855757	geckodriver	INFO	Listening on 127.0.0.1:40640
1698215856420	mozrunner::runner	INFO	Running command: "C:\\Program Files\\Mozilla Firefox\\firefox.exe" "--marionette" "--remote-debugging-port" "9552" "--remote- ... ://localhost:9552/,http://[::1]:9552/" "-no-remote" "-profile" "C:\\Users\\USER\\AppData\\Local\\Temp\\rust_mozprofilelUw2ax"
console.warn: services.settings: Ignoring preference override of remote settings server
console.warn: services.settings: Allow by setting MOZ_REMOTE_SETTINGS_DEVTOOLS=1 in the environment
1698215857449	Marionette	INFO	Marionette enabled
Dynamically enable window occlusion 0
1698215857684	Marionette	INFO	Listening on port 49692
WebDriver BiDi listening on ws://127.0.0.1:9552
Read port: 49692
1698215858913	RemoteAgent	WARN	TLS certificate errors will be ignored for this session
DevTools listening on ws://127.0.0.1:9552/devtools/browser/422fd357-ec43-482f-ab93-34b60ac6f826
console.error: ({})
console.warn: services.settings: Ignoring preference override of remote settings server
console.warn: services.settings: Allow by setting MOZ_REMOTE_SETTINGS_DEVTOOLS=1 in the environment
console.error: (new TypeError("lazy.AsyncShutdown.profileBeforeChange is undefined", "resource://services-settings/Database.sys.mjs", 593))
1698215870937	RemoteAgent	INFO	Perform WebSocket upgrade for incoming connection from 127.0.0.1:49768
1698215870941	CDP	WARN	Invalid browser preferences for CDP. Set "fission.webContentIsolationStrategy"to 0 and "fission.bfcacheInParent" to false before Firefox starts.
1698215870967	Marionette	INFO	Stopped listening on port 49692
JavaScript warning: https://www.gstatic.com/recaptcha/releases/vm_YDiq1BiI3a8zfbIPZjtF2/recaptcha__en.js, line 320: Script terminated by timeout at:
I<@https://www.gstatic.com/recaptcha/releases/vm_YDiq1BiI3a8zfbIPZjtF2/recaptcha__en.js:320:433
d5@https://www.gstatic.com/recaptcha/releases/vm_YDiq1BiI3a8zfbIPZjtF2/recaptcha__en.js:542:145
g<@https://www.gstatic.com/recaptcha/releases/vm_YDiq1BiI3a8zfbIPZjtF2/recaptcha__en.js:360:1
I<@https://www.gstatic.com/recaptcha/releases/vm_YDiq1BiI3a8zfbIPZjtF2/recaptcha__en.js:263:151
T</u/T</U<@https://www.gstatic.com/recaptcha/releases/vm_YDiq1BiI3a8zfbIPZjtF2/recaptcha__en.js:168:268
V<@https://www.gstatic.com/recaptcha/releases/vm_YDiq1BiI3a8zfbIPZjtF2/recaptcha__en.js:526:490
T</B.S/T<@https://www.gstatic.com/recaptcha/releases/vm_YDiq1BiI3a8zfbIPZjtF2/recaptcha__en.js:151:46
X<@https://www.gstatic.com/recaptcha/releases/vm_YDiq1BiI3a8zfbIPZjtF2/recaptcha__en.js:461:436
V</this.next@https://www.gstatic.com/recaptcha/releases/vm_YDiq1BiI3a8zfbIPZjtF2/recaptcha__en.js:531:160
V</H<@https://www.gstatic.com/recaptcha/releases/vm_YDiq1BiI3a8zfbIPZjtF2/recaptcha__en.js:533:393
V<@https://www.gstatic.com/recaptcha/releases/vm_YDiq1BiI3a8zfbIPZjtF2/recaptcha__en.js:533:286
T<@https://www.gstatic.com/recaptcha/releases/vm_YDiq1BiI3a8zfbIPZjtF2/recaptcha__en.js:138:306
T</B.S@https://www.gstatic.com/recaptcha/releases/vm_YDiq1BiI3a8zfbIPZjtF2/recaptcha__en.js:150:409
T</u/T<@https://www.gstatic.com/recaptcha/releases/vm_YDiq1BiI3a8zfbIPZjtF2/recaptcha__en.js:168:294
X<@https://www.gstatic.com/recaptcha/releases/vm_YDiq1BiI3a8zfbIPZjtF2/recaptcha__en.js:461:436
V</this.next@https://www.gstatic.com/recaptcha/releases/vm_YDiq1BiI3a8zfbIPZjtF2/recaptcha__en.js:531:160
V</H<@https://www.gstatic.com/recaptcha/releases/vm_YDiq1BiI3a8zfbIPZjtF2/recaptcha__en.js:533:393
V<@https://www.gstatic.com/recaptcha/releases/vm_YDiq1BiI3a8zfbIPZjtF2/recaptcha__en.js:533:286
T<@https://www.gstatic.com/recaptcha/releases/vm_YDiq1BiI3a8zfbIPZjtF2/recaptcha__en.js:138:306
u@https://www.gstatic.com/recaptcha/releases/vm_YDiq1BiI3a8zfbIPZjtF2/recaptcha__en.js:167:458
I</p</H<@https://www.gstatic.com/recaptcha/releases/vm_YDiq1BiI3a8zfbIPZjtF2/recaptcha__en.js:284:465

JavaScript warning: https://www.gstatic.com/recaptcha/releases/vm_YDiq1BiI3a8zfbIPZjtF2/recaptcha__en.js, line 155: Script terminated by timeout at:
l@https://www.gstatic.com/recaptcha/releases/vm_YDiq1BiI3a8zfbIPZjtF2/recaptcha__en.js:155:393

Dynamically enable window occlusion 1
]]></system-err>
  </testcase>
  <testcase name=" #3" classname="User should be able to fill and submit reservation form" time="23.537">
    <system-out><![CDATA[
@regression
Scenario Outline:                                          &amp#27;[90m# src/test/resources/features/reservation.feature:34&amp#27;[0m
THIS IS FROM @Before inside hooks class
  &amp#27;[32mGiven &amp#27;[0m&amp#27;[32muser at the online-reservation page&amp#27;[0m                &amp#27;[90m# com.noizyoysters.step_definition.ReservationStepDef.user_at_the_online_reservation_page()&amp#27;[0m
  &amp#27;[32mWhen &amp#27;[0m&amp#27;[32muser enter all information and choose &amp#27;[0m&amp#27;[32m&amp#27;[1m"4"&amp#27;[0m&amp#27;[32m of people&amp#27;[0m &amp#27;[90m# com.noizyoysters.step_definition.ReservationStepDef.userEnterAllInformationAndChooseOfPeople(java.lang.String)&amp#27;[0m
  &amp#27;[32mThen &amp#27;[0m&amp#27;[32muser should see correct quantity on the screen&amp#27;[0m      &amp#27;[90m# com.noizyoysters.step_definition.ReservationStepDef.userShouldSeeCorrectQuantityOnTheScreen()&amp#27;[0m
THIS IS FROM @After inside hooks class
]]></system-out>
    <system-err><![CDATA[[pool-2-thread-5] INFO io.github.bonigarcia.wdm.WebDriverManager - Using geckodriver 0.33.0 (resolved driver for Firefox 118)
[pool-2-thread-5] INFO io.github.bonigarcia.wdm.WebDriverManager - Exporting webdriver.gecko.driver as C:\Users\USER\.cache\selenium\geckodriver\win64\0.33.0\geckodriver.exe
1698215880068	geckodriver	INFO	Listening on 127.0.0.1:22160
1698215880671	mozrunner::runner	INFO	Running command: "C:\\Program Files\\Mozilla Firefox\\firefox.exe" "--marionette" "--remote-debugging-port" "48669" "--remote ... /localhost:48669/,http://[::1]:48669/" "-no-remote" "-profile" "C:\\Users\\USER\\AppData\\Local\\Temp\\rust_mozprofileXtItOc"
console.warn: services.settings: Ignoring preference override of remote settings server
console.warn: services.settings: Allow by setting MOZ_REMOTE_SETTINGS_DEVTOOLS=1 in the environment
1698215881140	Marionette	INFO	Marionette enabled
Dynamically enable window occlusion 0
1698215881236	Marionette	INFO	Listening on port 49774
WebDriver BiDi listening on ws://127.0.0.1:48669
Read port: 49774
1698215881603	RemoteAgent	WARN	TLS certificate errors will be ignored for this session
DevTools listening on ws://127.0.0.1:48669/devtools/browser/5d6b6914-3f07-42af-8d08-00747b07643d
console.error: ({})
console.warn: services.settings: Ignoring preference override of remote settings server
console.warn: services.settings: Allow by setting MOZ_REMOTE_SETTINGS_DEVTOOLS=1 in the environment
console.error: (new TypeError("lazy.AsyncShutdown.profileBeforeChange is undefined", "resource://services-settings/Database.sys.mjs", 593))
1698215890986	RemoteAgent	INFO	Perform WebSocket upgrade for incoming connection from 127.0.0.1:49834
1698215890991	CDP	WARN	Invalid browser preferences for CDP. Set "fission.webContentIsolationStrategy"to 0 and "fission.bfcacheInParent" to false before Firefox starts.
1698215891033	Marionette	INFO	Stopped listening on port 49774
JavaScript warning: https://www.gstatic.com/recaptcha/releases/vm_YDiq1BiI3a8zfbIPZjtF2/recaptcha__en.js, line 136: Script terminated by timeout at:
T<@https://www.gstatic.com/recaptcha/releases/vm_YDiq1BiI3a8zfbIPZjtF2/recaptcha__en.js:136:445
K<@https://www.gstatic.com/recaptcha/releases/vm_YDiq1BiI3a8zfbIPZjtF2/recaptcha__en.js:113:286
by<@https://www.gstatic.com/recaptcha/releases/vm_YDiq1BiI3a8zfbIPZjtF2/recaptcha__en.js:651:510
r</O<@https://www.gstatic.com/recaptcha/releases/vm_YDiq1BiI3a8zfbIPZjtF2/recaptcha__en.js:254:216
r<@https://www.gstatic.com/recaptcha/releases/vm_YDiq1BiI3a8zfbIPZjtF2/recaptcha__en.js:254:124
T</u/T</U<@https://www.gstatic.com/recaptcha/releases/vm_YDiq1BiI3a8zfbIPZjtF2/recaptcha__en.js:168:268
V<@https://www.gstatic.com/recaptcha/releases/vm_YDiq1BiI3a8zfbIPZjtF2/recaptcha__en.js:526:490
T</B.S/T<@https://www.gstatic.com/recaptcha/releases/vm_YDiq1BiI3a8zfbIPZjtF2/recaptcha__en.js:151:46
X<@https://www.gstatic.com/recaptcha/releases/vm_YDiq1BiI3a8zfbIPZjtF2/recaptcha__en.js:461:436
V</this.next@https://www.gstatic.com/recaptcha/releases/vm_YDiq1BiI3a8zfbIPZjtF2/recaptcha__en.js:531:160
V</H<@https://www.gstatic.com/recaptcha/releases/vm_YDiq1BiI3a8zfbIPZjtF2/recaptcha__en.js:533:393
V<@https://www.gstatic.com/recaptcha/releases/vm_YDiq1BiI3a8zfbIPZjtF2/recaptcha__en.js:533:286
T<@https://www.gstatic.com/recaptcha/releases/vm_YDiq1BiI3a8zfbIPZjtF2/recaptcha__en.js:138:306
T</B.S@https://www.gstatic.com/recaptcha/releases/vm_YDiq1BiI3a8zfbIPZjtF2/recaptcha__en.js:150:409
T</u/T<@https://www.gstatic.com/recaptcha/releases/vm_YDiq1BiI3a8zfbIPZjtF2/recaptcha__en.js:168:294
X<@https://www.gstatic.com/recaptcha/releases/vm_YDiq1BiI3a8zfbIPZjtF2/recaptcha__en.js:461:436
V</this.next@https://www.gstatic.com/recaptcha/releases/vm_YDiq1BiI3a8zfbIPZjtF2/recaptcha__en.js:531:160
V</H<@https://www.gstatic.com/recaptcha/releases/vm_YDiq1BiI3a8zfbIPZjtF2/recaptcha__en.js:533:393
V<@https://www.gstatic.com/recaptcha/releases/vm_YDiq1BiI3a8zfbIPZjtF2/recaptcha__en.js:533:286
T<@https://www.gstatic.com/recaptcha/releases/vm_YDiq1BiI3a8zfbIPZjtF2/recaptcha__en.js:138:306
u@https://www.gstatic.com/recaptcha/releases/vm_YDiq1BiI3a8zfbIPZjtF2/recaptcha__en.js:167:458
I</p</H<@https://www.gstatic.com/recaptcha/releases/vm_YDiq1BiI3a8zfbIPZjtF2/recaptcha__en.js:284:465

JavaScript warning: https://www.gstatic.com/recaptcha/releases/vm_YDiq1BiI3a8zfbIPZjtF2/recaptcha__en.js, line 155: Script terminated by timeout at:
l@https://www.gstatic.com/recaptcha/releases/vm_YDiq1BiI3a8zfbIPZjtF2/recaptcha__en.js:155:393

Dynamically enable window occlusion 1
!!! error running onStopped callback: TypeError: callback is not a function
]]></system-err>
  </testcase>
  <testcase name=" #4" classname="User should be able to fill and submit reservation form" time="25.8">
    <system-out><![CDATA[
@regression
Scenario Outline:                                          &amp#27;[90m# src/test/resources/features/reservation.feature:35&amp#27;[0m
THIS IS FROM @Before inside hooks class
  &amp#27;[32mGiven &amp#27;[0m&amp#27;[32muser at the online-reservation page&amp#27;[0m                &amp#27;[90m# com.noizyoysters.step_definition.ReservationStepDef.user_at_the_online_reservation_page()&amp#27;[0m
  &amp#27;[32mWhen &amp#27;[0m&amp#27;[32muser enter all information and choose &amp#27;[0m&amp#27;[32m&amp#27;[1m"5"&amp#27;[0m&amp#27;[32m of people&amp#27;[0m &amp#27;[90m# com.noizyoysters.step_definition.ReservationStepDef.userEnterAllInformationAndChooseOfPeople(java.lang.String)&amp#27;[0m
  &amp#27;[32mThen &amp#27;[0m&amp#27;[32muser should see correct quantity on the screen&amp#27;[0m      &amp#27;[90m# com.noizyoysters.step_definition.ReservationStepDef.userShouldSeeCorrectQuantityOnTheScreen()&amp#27;[0m
THIS IS FROM @After inside hooks class
]]></system-out>
    <system-err><![CDATA[[pool-2-thread-5] INFO io.github.bonigarcia.wdm.WebDriverManager - Using geckodriver 0.33.0 (resolved driver for Firefox 118)
[pool-2-thread-5] INFO io.github.bonigarcia.wdm.WebDriverManager - Exporting webdriver.gecko.driver as C:\Users\USER\.cache\selenium\geckodriver\win64\0.33.0\geckodriver.exe
1698215903557	geckodriver	INFO	Listening on 127.0.0.1:28383
1698215904308	mozrunner::runner	INFO	Running command: "C:\\Program Files\\Mozilla Firefox\\firefox.exe" "--marionette" "--remote-debugging-port" "31363" "--remote ... /localhost:31363/,http://[::1]:31363/" "-no-remote" "-profile" "C:\\Users\\USER\\AppData\\Local\\Temp\\rust_mozprofileYCTN7K"
console.warn: services.settings: Ignoring preference override of remote settings server
console.warn: services.settings: Allow by setting MOZ_REMOTE_SETTINGS_DEVTOOLS=1 in the environment
1698215905027	Marionette	INFO	Marionette enabled
Dynamically enable window occlusion 0
1698215905123	Marionette	INFO	Listening on port 49865
WebDriver BiDi listening on ws://127.0.0.1:31363
Read port: 49865
1698215905438	RemoteAgent	WARN	TLS certificate errors will be ignored for this session
DevTools listening on ws://127.0.0.1:31363/devtools/browser/7ff7d756-cb80-4f64-9bd8-8094d69fdcd7
console.error: ({})
console.warn: services.settings: Ignoring preference override of remote settings server
console.warn: services.settings: Allow by setting MOZ_REMOTE_SETTINGS_DEVTOOLS=1 in the environment
console.error: (new TypeError("lazy.AsyncShutdown.profileBeforeChange is undefined", "resource://services-settings/Database.sys.mjs", 593))
1698215926927	RemoteAgent	INFO	Perform WebSocket upgrade for incoming connection from 127.0.0.1:49951
1698215926932	CDP	WARN	Invalid browser preferences for CDP. Set "fission.webContentIsolationStrategy"to 0 and "fission.bfcacheInParent" to false before Firefox starts.
1698215926948	Marionette	INFO	Stopped listening on port 49865
JavaScript warning: https://www.gstatic.com/recaptcha/releases/vm_YDiq1BiI3a8zfbIPZjtF2/recaptcha__en.js, line 155: Script terminated by timeout at:
l@https://www.gstatic.com/recaptcha/releases/vm_YDiq1BiI3a8zfbIPZjtF2/recaptcha__en.js:155:393

JavaScript warning: https://www.gstatic.com/recaptcha/releases/vm_YDiq1BiI3a8zfbIPZjtF2/recaptcha__en.js, line 155: Script terminated by timeout at:
l@https://www.gstatic.com/recaptcha/releases/vm_YDiq1BiI3a8zfbIPZjtF2/recaptcha__en.js:155:393

Dynamically enable window occlusion 1
!!! error running onStopped callback: TypeError: callback is not a function
]]></system-err>
  </testcase>
  <testcase name=" #5" classname="User should be able to fill and submit reservation form" time="19.933">
    <system-out><![CDATA[
@regression
Scenario Outline:                                          &amp#27;[90m# src/test/resources/features/reservation.feature:36&amp#27;[0m
THIS IS FROM @Before inside hooks class
  &amp#27;[32mGiven &amp#27;[0m&amp#27;[32muser at the online-reservation page&amp#27;[0m                &amp#27;[90m# com.noizyoysters.step_definition.ReservationStepDef.user_at_the_online_reservation_page()&amp#27;[0m
  &amp#27;[32mWhen &amp#27;[0m&amp#27;[32muser enter all information and choose &amp#27;[0m&amp#27;[32m&amp#27;[1m"6"&amp#27;[0m&amp#27;[32m of people&amp#27;[0m &amp#27;[90m# com.noizyoysters.step_definition.ReservationStepDef.userEnterAllInformationAndChooseOfPeople(java.lang.String)&amp#27;[0m
  &amp#27;[32mThen &amp#27;[0m&amp#27;[32muser should see correct quantity on the screen&amp#27;[0m      &amp#27;[90m# com.noizyoysters.step_definition.ReservationStepDef.userShouldSeeCorrectQuantityOnTheScreen()&amp#27;[0m
THIS IS FROM @After inside hooks class
]]></system-out>
    <system-err><![CDATA[[pool-2-thread-5] INFO io.github.bonigarcia.wdm.WebDriverManager - Using geckodriver 0.33.0 (resolved driver for Firefox 118)
[pool-2-thread-5] INFO io.github.bonigarcia.wdm.WebDriverManager - Exporting webdriver.gecko.driver as C:\Users\USER\.cache\selenium\geckodriver\win64\0.33.0\geckodriver.exe
1698215929356	geckodriver	INFO	Listening on 127.0.0.1:28944
1698215930181	mozrunner::runner	INFO	Running command: "C:\\Program Files\\Mozilla Firefox\\firefox.exe" "--marionette" "--remote-debugging-port" "18267" "--remote ... /localhost:18267/,http://[::1]:18267/" "-no-remote" "-profile" "C:\\Users\\USER\\AppData\\Local\\Temp\\rust_mozprofilerIUzp5"
console.warn: services.settings: Ignoring preference override of remote settings server
console.warn: services.settings: Allow by setting MOZ_REMOTE_SETTINGS_DEVTOOLS=1 in the environment
1698215932320	Marionette	INFO	Marionette enabled
Dynamically enable window occlusion 0
1698215932462	Marionette	INFO	Listening on port 49957
WebDriver BiDi listening on ws://127.0.0.1:18267
Read port: 49957
Read port: 49957
1698215934336	RemoteAgent	WARN	TLS certificate errors will be ignored for this session
DevTools listening on ws://127.0.0.1:18267/devtools/browser/699c0e45-e284-44fd-bbf1-c4b1192db57f
console.warn: services.settings: Ignoring preference override of remote settings server
console.warn: services.settings: Allow by setting MOZ_REMOTE_SETTINGS_DEVTOOLS=1 in the environment
console.error: (new TypeError("lazy.AsyncShutdown.profileBeforeChange is undefined", "resource://services-settings/Database.sys.mjs", 593))
console.error: ({})
1698215944162	RemoteAgent	INFO	Perform WebSocket upgrade for incoming connection from 127.0.0.1:50004
1698215944167	CDP	WARN	Invalid browser preferences for CDP. Set "fission.webContentIsolationStrategy"to 0 and "fission.bfcacheInParent" to false before Firefox starts.
1698215944171	Marionette	INFO	Stopped listening on port 49957
JavaScript warning: https://maps.googleapis.com/maps/api/js?client=google-maps-embed&paint_origin=&libraries=geometry,search&v=3.exp&language=en_US&callback=onApiLoad, line 152: Script terminated by timeout at:
_.Tg@https://maps.googleapis.com/maps/api/js?client=google-maps-embed&paint_origin=&libraries=geometry,search&v=3.exp&language=en_US&callback=onApiLoad:152:14
zea/<@https://maps.googleapis.com/maps/api/js?client=google-maps-embed&paint_origin=&libraries=geometry,search&v=3.exp&language=en_US&callback=onApiLoad:221:90

Dynamically enable window occlusion 1
!!! error running onStopped callback: TypeError: callback is not a function
]]></system-err>
  </testcase>
  <testcase name=" #6" classname="User should be able to fill and submit reservation form" time="18.224">
    <system-out><![CDATA[
@regression
Scenario Outline:                                          &amp#27;[90m# src/test/resources/features/reservation.feature:37&amp#27;[0m
THIS IS FROM @Before inside hooks class
  &amp#27;[32mGiven &amp#27;[0m&amp#27;[32muser at the online-reservation page&amp#27;[0m                &amp#27;[90m# com.noizyoysters.step_definition.ReservationStepDef.user_at_the_online_reservation_page()&amp#27;[0m
  &amp#27;[32mWhen &amp#27;[0m&amp#27;[32muser enter all information and choose &amp#27;[0m&amp#27;[32m&amp#27;[1m"7"&amp#27;[0m&amp#27;[32m of people&amp#27;[0m &amp#27;[90m# com.noizyoysters.step_definition.ReservationStepDef.userEnterAllInformationAndChooseOfPeople(java.lang.String)&amp#27;[0m
  &amp#27;[32mThen &amp#27;[0m&amp#27;[32muser should see correct quantity on the screen&amp#27;[0m      &amp#27;[90m# com.noizyoysters.step_definition.ReservationStepDef.userShouldSeeCorrectQuantityOnTheScreen()&amp#27;[0m
THIS IS FROM @After inside hooks class
]]></system-out>
    <system-err><![CDATA[[pool-2-thread-5] INFO io.github.bonigarcia.wdm.WebDriverManager - Using geckodriver 0.33.0 (resolved driver for Firefox 118)
[pool-2-thread-5] INFO io.github.bonigarcia.wdm.WebDriverManager - Exporting webdriver.gecko.driver as C:\Users\USER\.cache\selenium\geckodriver\win64\0.33.0\geckodriver.exe
1698215949328	geckodriver	INFO	Listening on 127.0.0.1:41998
1698215949824	mozrunner::runner	INFO	Running command: "C:\\Program Files\\Mozilla Firefox\\firefox.exe" "--marionette" "--remote-debugging-port" "15411" "--remote ... /localhost:15411/,http://[::1]:15411/" "-no-remote" "-profile" "C:\\Users\\USER\\AppData\\Local\\Temp\\rust_mozprofileumsbyL"
console.warn: services.settings: Ignoring preference override of remote settings server
console.warn: services.settings: Allow by setting MOZ_REMOTE_SETTINGS_DEVTOOLS=1 in the environment
1698215951393	Marionette	INFO	Marionette enabled
Dynamically enable window occlusion 0
1698215951624	Marionette	INFO	Listening on port 50028
WebDriver BiDi listening on ws://127.0.0.1:15411
Read port: 50028
1698215952207	RemoteAgent	WARN	TLS certificate errors will be ignored for this session
DevTools listening on ws://127.0.0.1:15411/devtools/browser/375909ea-d2af-4d43-b812-c325e5af4630
console.warn: services.settings: Ignoring preference override of remote settings server
console.warn: services.settings: Allow by setting MOZ_REMOTE_SETTINGS_DEVTOOLS=1 in the environment
console.error: (new TypeError("lazy.AsyncShutdown.profileBeforeChange is undefined", "resource://services-settings/Database.sys.mjs", 593))
console.error: ({})
1698215964804	RemoteAgent	INFO	Perform WebSocket upgrade for incoming connection from 127.0.0.1:50088
1698215964808	CDP	WARN	Invalid browser preferences for CDP. Set "fission.webContentIsolationStrategy"to 0 and "fission.bfcacheInParent" to false before Firefox starts.
1698215964817	Marionette	INFO	Stopped listening on port 50028
JavaScript warning: https://maps.googleapis.com/maps/api/js?client=google-maps-embed&paint_origin=&libraries=geometry,search&v=3.exp&language=en_US&callback=onApiLoad, line 152: Script terminated by timeout at:
_.Tg@https://maps.googleapis.com/maps/api/js?client=google-maps-embed&paint_origin=&libraries=geometry,search&v=3.exp&language=en_US&callback=onApiLoad:152:14
zea/<@https://maps.googleapis.com/maps/api/js?client=google-maps-embed&paint_origin=&libraries=geometry,search&v=3.exp&language=en_US&callback=onApiLoad:221:90

Dynamically enable window occlusion 1
]]></system-err>
  </testcase>
  <testcase name=" #7" classname="User should be able to fill and submit reservation form" time="20.729">
    <system-out><![CDATA[
@regression
Scenario Outline:                                          &amp#27;[90m# src/test/resources/features/reservation.feature:38&amp#27;[0m
THIS IS FROM @Before inside hooks class
  &amp#27;[32mGiven &amp#27;[0m&amp#27;[32muser at the online-reservation page&amp#27;[0m                &amp#27;[90m# com.noizyoysters.step_definition.ReservationStepDef.user_at_the_online_reservation_page()&amp#27;[0m
  &amp#27;[32mWhen &amp#27;[0m&amp#27;[32muser enter all information and choose &amp#27;[0m&amp#27;[32m&amp#27;[1m"8"&amp#27;[0m&amp#27;[32m of people&amp#27;[0m &amp#27;[90m# com.noizyoysters.step_definition.ReservationStepDef.userEnterAllInformationAndChooseOfPeople(java.lang.String)&amp#27;[0m
  &amp#27;[32mThen &amp#27;[0m&amp#27;[32muser should see correct quantity on the screen&amp#27;[0m      &amp#27;[90m# com.noizyoysters.step_definition.ReservationStepDef.userShouldSeeCorrectQuantityOnTheScreen()&amp#27;[0m
THIS IS FROM @After inside hooks class
]]></system-out>
    <system-err><![CDATA[[pool-2-thread-5] INFO io.github.bonigarcia.wdm.WebDriverManager - Using geckodriver 0.33.0 (resolved driver for Firefox 118)
[pool-2-thread-5] INFO io.github.bonigarcia.wdm.WebDriverManager - Exporting webdriver.gecko.driver as C:\Users\USER\.cache\selenium\geckodriver\win64\0.33.0\geckodriver.exe
1698215967511	geckodriver	INFO	Listening on 127.0.0.1:37943
1698215968047	mozrunner::runner	INFO	Running command: "C:\\Program Files\\Mozilla Firefox\\firefox.exe" "--marionette" "--remote-debugging-port" "22330" "--remote ... /localhost:22330/,http://[::1]:22330/" "-no-remote" "-profile" "C:\\Users\\USER\\AppData\\Local\\Temp\\rust_mozprofile8X37ax"
console.warn: services.settings: Ignoring preference override of remote settings server
console.warn: services.settings: Allow by setting MOZ_REMOTE_SETTINGS_DEVTOOLS=1 in the environment
1698215969117	Marionette	INFO	Marionette enabled
Dynamically enable window occlusion 0
1698215969210	Marionette	INFO	Listening on port 50093
Read port: 50093
WebDriver BiDi listening on ws://127.0.0.1:22330
1698215969310	RemoteAgent	WARN	TLS certificate errors will be ignored for this session
DevTools listening on ws://127.0.0.1:22330/devtools/browser/40f1f743-d2e5-4b02-910f-cfb94d03877d
console.error: ({})
console.warn: services.settings: Ignoring preference override of remote settings server
console.warn: services.settings: Allow by setting MOZ_REMOTE_SETTINGS_DEVTOOLS=1 in the environment
console.error: (new TypeError("lazy.AsyncShutdown.profileBeforeChange is undefined", "resource://services-settings/Database.sys.mjs", 593))
1698215983689	RemoteAgent	INFO	Perform WebSocket upgrade for incoming connection from 127.0.0.1:50167
1698215983711	CDP	WARN	Invalid browser preferences for CDP. Set "fission.webContentIsolationStrategy"to 0 and "fission.bfcacheInParent" to false before Firefox starts.
1698215983964	Marionette	INFO	Stopped listening on port 50093
Dynamically enable window occlusion 1
!!! error running onStopped callback: TypeError: callback is not a function
]]></system-err>
  </testcase>
  <testcase name=" #8" classname="User should be able to fill and submit reservation form" time="24.441">
    <system-out><![CDATA[
@regression
Scenario Outline:                                          &amp#27;[90m# src/test/resources/features/reservation.feature:39&amp#27;[0m
THIS IS FROM @Before inside hooks class
  &amp#27;[32mGiven &amp#27;[0m&amp#27;[32muser at the online-reservation page&amp#27;[0m                &amp#27;[90m# com.noizyoysters.step_definition.ReservationStepDef.user_at_the_online_reservation_page()&amp#27;[0m
  &amp#27;[32mWhen &amp#27;[0m&amp#27;[32muser enter all information and choose &amp#27;[0m&amp#27;[32m&amp#27;[1m"9"&amp#27;[0m&amp#27;[32m of people&amp#27;[0m &amp#27;[90m# com.noizyoysters.step_definition.ReservationStepDef.userEnterAllInformationAndChooseOfPeople(java.lang.String)&amp#27;[0m
  &amp#27;[32mThen &amp#27;[0m&amp#27;[32muser should see correct quantity on the screen&amp#27;[0m      &amp#27;[90m# com.noizyoysters.step_definition.ReservationStepDef.userShouldSeeCorrectQuantityOnTheScreen()&amp#27;[0m
THIS IS FROM @After inside hooks class
]]></system-out>
    <system-err><![CDATA[[pool-2-thread-5] INFO io.github.bonigarcia.wdm.WebDriverManager - Using geckodriver 0.33.0 (resolved driver for Firefox 118)
[pool-2-thread-5] INFO io.github.bonigarcia.wdm.WebDriverManager - Exporting webdriver.gecko.driver as C:\Users\USER\.cache\selenium\geckodriver\win64\0.33.0\geckodriver.exe
1698215988212	geckodriver	INFO	Listening on 127.0.0.1:19107
1698215988235	mozrunner::runner	INFO	Running command: "C:\\Program Files\\Mozilla Firefox\\firefox.exe" "--marionette" "--remote-debugging-port" "5391" "--remote- ... ://localhost:5391/,http://[::1]:5391/" "-no-remote" "-profile" "C:\\Users\\USER\\AppData\\Local\\Temp\\rust_mozprofileo5VAfd"
console.warn: services.settings: Ignoring preference override of remote settings server
console.warn: services.settings: Allow by setting MOZ_REMOTE_SETTINGS_DEVTOOLS=1 in the environment
1698215988682	Marionette	INFO	Marionette enabled
Dynamically enable window occlusion 0
1698215988775	Marionette	INFO	Listening on port 50188
WebDriver BiDi listening on ws://127.0.0.1:5391
Read port: 50188
1698215988995	RemoteAgent	WARN	TLS certificate errors will be ignored for this session
DevTools listening on ws://127.0.0.1:5391/devtools/browser/972171a6-e26a-4e09-94bd-35b8f0ed1500
console.error: ({})
console.warn: services.settings: Ignoring preference override of remote settings server
console.warn: services.settings: Allow by setting MOZ_REMOTE_SETTINGS_DEVTOOLS=1 in the environment
console.error: (new TypeError("lazy.AsyncShutdown.profileBeforeChange is undefined", "resource://services-settings/Database.sys.mjs", 593))
1698216007493	RemoteAgent	INFO	Perform WebSocket upgrade for incoming connection from 127.0.0.1:50236
1698216007498	CDP	WARN	Invalid browser preferences for CDP. Set "fission.webContentIsolationStrategy"to 0 and "fission.bfcacheInParent" to false before Firefox starts.
1698216007774	Marionette	INFO	Stopped listening on port 50188
Dynamically enable window occlusion 1
]]></system-err>
  </testcase>
  <testcase name=" #9" classname="User should be able to fill and submit reservation form" time="14.106">
    <system-out><![CDATA[
@regression
Scenario Outline:                                           &amp#27;[90m# src/test/resources/features/reservation.feature:40&amp#27;[0m
THIS IS FROM @Before inside hooks class
  &amp#27;[32mGiven &amp#27;[0m&amp#27;[32muser at the online-reservation page&amp#27;[0m                 &amp#27;[90m# com.noizyoysters.step_definition.ReservationStepDef.user_at_the_online_reservation_page()&amp#27;[0m
  &amp#27;[32mWhen &amp#27;[0m&amp#27;[32muser enter all information and choose &amp#27;[0m&amp#27;[32m&amp#27;[1m"10"&amp#27;[0m&amp#27;[32m of people&amp#27;[0m &amp#27;[90m# com.noizyoysters.step_definition.ReservationStepDef.userEnterAllInformationAndChooseOfPeople(java.lang.String)&amp#27;[0m
  &amp#27;[32mThen &amp#27;[0m&amp#27;[32muser should see correct quantity on the screen&amp#27;[0m       &amp#27;[90m# com.noizyoysters.step_definition.ReservationStepDef.userShouldSeeCorrectQuantityOnTheScreen()&amp#27;[0m
THIS IS FROM @After inside hooks class
]]></system-out>
    <system-err><![CDATA[[pool-2-thread-5] INFO io.github.bonigarcia.wdm.WebDriverManager - Using geckodriver 0.33.0 (resolved driver for Firefox 118)
[pool-2-thread-5] INFO io.github.bonigarcia.wdm.WebDriverManager - Exporting webdriver.gecko.driver as C:\Users\USER\.cache\selenium\geckodriver\win64\0.33.0\geckodriver.exe
1698216012674	geckodriver	INFO	Listening on 127.0.0.1:47983
1698216013198	mozrunner::runner	INFO	Running command: "C:\\Program Files\\Mozilla Firefox\\firefox.exe" "--marionette" "--remote-debugging-port" "39302" "--remote ... /localhost:39302/,http://[::1]:39302/" "-no-remote" "-profile" "C:\\Users\\USER\\AppData\\Local\\Temp\\rust_mozprofileiYX9za"
console.warn: services.settings: Ignoring preference override of remote settings server
console.warn: services.settings: Allow by setting MOZ_REMOTE_SETTINGS_DEVTOOLS=1 in the environment
1698216014431	Marionette	INFO	Marionette enabled
Dynamically enable window occlusion 0
1698216014539	Marionette	INFO	Listening on port 50241
WebDriver BiDi listening on ws://127.0.0.1:39302
Read port: 50241
1698216015247	RemoteAgent	WARN	TLS certificate errors will be ignored for this session
DevTools listening on ws://127.0.0.1:39302/devtools/browser/6e083604-a813-498d-ae41-1dd370027b58
console.warn: services.settings: Ignoring preference override of remote settings server
console.warn: services.settings: Allow by setting MOZ_REMOTE_SETTINGS_DEVTOOLS=1 in the environment
console.error: (new TypeError("lazy.AsyncShutdown.profileBeforeChange is undefined", "resource://services-settings/Database.sys.mjs", 593))
console.error: ({})
1698216025306	RemoteAgent	INFO	Perform WebSocket upgrade for incoming connection from 127.0.0.1:50282
1698216025310	CDP	WARN	Invalid browser preferences for CDP. Set "fission.webContentIsolationStrategy"to 0 and "fission.bfcacheInParent" to false before Firefox starts.
1698216025317	Marionette	INFO	Stopped listening on port 50241
Dynamically enable window occlusion 1
]]></system-err>
  </testcase>
  <testcase name=" #10" classname="User should be able to fill and submit reservation form" time="13.42">
    <system-out><![CDATA[
@regression
Scenario Outline:                                           &amp#27;[90m# src/test/resources/features/reservation.feature:41&amp#27;[0m
THIS IS FROM @Before inside hooks class
  &amp#27;[32mGiven &amp#27;[0m&amp#27;[32muser at the online-reservation page&amp#27;[0m                 &amp#27;[90m# com.noizyoysters.step_definition.ReservationStepDef.user_at_the_online_reservation_page()&amp#27;[0m
  &amp#27;[32mWhen &amp#27;[0m&amp#27;[32muser enter all information and choose &amp#27;[0m&amp#27;[32m&amp#27;[1m"11"&amp#27;[0m&amp#27;[32m of people&amp#27;[0m &amp#27;[90m# com.noizyoysters.step_definition.ReservationStepDef.userEnterAllInformationAndChooseOfPeople(java.lang.String)&amp#27;[0m
  &amp#27;[32mThen &amp#27;[0m&amp#27;[32muser should see correct quantity on the screen&amp#27;[0m       &amp#27;[90m# com.noizyoysters.step_definition.ReservationStepDef.userShouldSeeCorrectQuantityOnTheScreen()&amp#27;[0m
THIS IS FROM @After inside hooks class
]]></system-out>
    <system-err><![CDATA[[pool-2-thread-5] INFO io.github.bonigarcia.wdm.WebDriverManager - Using geckodriver 0.33.0 (resolved driver for Firefox 118)
[pool-2-thread-5] INFO io.github.bonigarcia.wdm.WebDriverManager - Exporting webdriver.gecko.driver as C:\Users\USER\.cache\selenium\geckodriver\win64\0.33.0\geckodriver.exe
1698216026759	geckodriver	INFO	Listening on 127.0.0.1:26727
1698216026775	mozrunner::runner	INFO	Running command: "C:\\Program Files\\Mozilla Firefox\\firefox.exe" "--marionette" "--remote-debugging-port" "12213" "--remote ... /localhost:12213/,http://[::1]:12213/" "-no-remote" "-profile" "C:\\Users\\USER\\AppData\\Local\\Temp\\rust_mozprofilenfQpHZ"
console.warn: services.settings: Ignoring preference override of remote settings server
console.warn: services.settings: Allow by setting MOZ_REMOTE_SETTINGS_DEVTOOLS=1 in the environment
1698216027345	Marionette	INFO	Marionette enabled
Dynamically enable window occlusion 0
1698216027482	Marionette	INFO	Listening on port 50287
WebDriver BiDi listening on ws://127.0.0.1:12213
Read port: 50287
1698216027869	RemoteAgent	WARN	TLS certificate errors will be ignored for this session
DevTools listening on ws://127.0.0.1:12213/devtools/browser/cf970df3-9c7d-44e2-b465-d60be311b4d8
console.warn: services.settings: Ignoring preference override of remote settings server
console.warn: services.settings: Allow by setting MOZ_REMOTE_SETTINGS_DEVTOOLS=1 in the environment
console.error: (new TypeError("lazy.AsyncShutdown.profileBeforeChange is undefined", "resource://services-settings/Database.sys.mjs", 593))
console.error: ({})
1698216038292	RemoteAgent	INFO	Perform WebSocket upgrade for incoming connection from 127.0.0.1:50328
1698216038295	CDP	WARN	Invalid browser preferences for CDP. Set "fission.webContentIsolationStrategy"to 0 and "fission.bfcacheInParent" to false before Firefox starts.
1698216038302	Marionette	INFO	Stopped listening on port 50287
Dynamically enable window occlusion 1
]]></system-err>
  </testcase>
  <testcase name=" #11" classname="User should be able to fill and submit reservation form" time="13.504">
    <error message="The element with the reference 92ba8ce6-75a9-46ca-938a-0adbed915325 is stale; either its node document is not the active document, or it is no longer connected to the DOM&#10;For documentation on this error, please visit: https://selenium.dev/exceptions/#stale_element_reference&#10;Build info: version: &apos;4.8.1&apos;, revision: &apos;8ebccac989&apos;&#10;System info: os.name: &apos;Windows 10&apos;, os.arch: &apos;amd64&apos;, os.version: &apos;10.0&apos;, java.version: &apos;1.8.0_231&apos;&#10;Driver info: org.openqa.selenium.firefox.FirefoxDriver&#10;Command: [749bd451-19bb-4ec4-8493-4f7ce4c92325, clickElement {id=92ba8ce6-75a9-46ca-938a-0adbed915325}]&#10;Capabilities {acceptInsecureCerts: true, browserName: firefox, browserVersion: 118.0.2, moz:accessibilityChecks: false, moz:buildID: 20231009140911, moz:debuggerAddress: 127.0.0.1:3973, moz:geckodriverVersion: 0.33.0, moz:headless: false, moz:platformVersion: 10.0, moz:processID: 3304, moz:profile: C:\Users\USER\AppData\Local..., moz:shutdownTimeout: 60000, moz:webdriverClick: true, moz:windowless: false, pageLoadStrategy: normal, platformName: WINDOWS, proxy: Proxy(), se:cdp: ws://127.0.0.1:3973/devtool..., se:cdpVersion: 85.0, setWindowRect: true, strictFileInteractability: false, timeouts: {implicit: 0, pageLoad: 300000, script: 30000}, unhandledPromptBehavior: dismiss and notify}&#10;Element: [[FirefoxDriver: firefox on WINDOWS (749bd451-19bb-4ec4-8493-4f7ce4c92325)] -&gt; xpath: //div[@class=&apos;xdsoft_time &apos;][2]]&#10;Session ID: 749bd451-19bb-4ec4-8493-4f7ce4c92325" type="org.openqa.selenium.StaleElementReferenceException"><![CDATA[org.openqa.selenium.StaleElementReferenceException: 
The element with the reference 92ba8ce6-75a9-46ca-938a-0adbed915325 is stale; either its node document is not the active document, or it is no longer connected to the DOM
For documentation on this error, please visit: https://selenium.dev/exceptions/#stale_element_reference
Build info: version: '4.8.1', revision: '8ebccac989'
System info: os.name: 'Windows 10', os.arch: 'amd64', os.version: '10.0', java.version: '1.8.0_231'
Driver info: org.openqa.selenium.firefox.FirefoxDriver
Command: [749bd451-19bb-4ec4-8493-4f7ce4c92325, clickElement {id=92ba8ce6-75a9-46ca-938a-0adbed915325}]
Capabilities {acceptInsecureCerts: true, browserName: firefox, browserVersion: 118.0.2, moz:accessibilityChecks: false, moz:buildID: 20231009140911, moz:debuggerAddress: 127.0.0.1:3973, moz:geckodriverVersion: 0.33.0, moz:headless: false, moz:platformVersion: 10.0, moz:processID: 3304, moz:profile: C:\Users\USER\AppData\Local..., moz:shutdownTimeout: 60000, moz:webdriverClick: true, moz:windowless: false, pageLoadStrategy: normal, platformName: WINDOWS, proxy: Proxy(), se:cdp: ws://127.0.0.1:3973/devtool..., se:cdpVersion: 85.0, setWindowRect: true, strictFileInteractability: false, timeouts: {implicit: 0, pageLoad: 300000, script: 30000}, unhandledPromptBehavior: dismiss and notify}
Element: [[FirefoxDriver: firefox on WINDOWS (749bd451-19bb-4ec4-8493-4f7ce4c92325)] -> xpath: //div[@class='xdsoft_time '][2]]
Session ID: 749bd451-19bb-4ec4-8493-4f7ce4c92325
]]></error>
    <system-out><![CDATA[
@regression
Scenario Outline:                                           &amp#27;[90m# src/test/resources/features/reservation.feature:42&amp#27;[0m
THIS IS FROM @Before inside hooks class
  &amp#27;[32mGiven &amp#27;[0m&amp#27;[32muser at the online-reservation page&amp#27;[0m                 &amp#27;[90m# com.noizyoysters.step_definition.ReservationStepDef.user_at_the_online_reservation_page()&amp#27;[0m
  &amp#27;[31mWhen &amp#27;[0m&amp#27;[31muser enter all information and choose &amp#27;[0m&amp#27;[31m&amp#27;[1m"12"&amp#27;[0m&amp#27;[31m of people&amp#27;[0m &amp#27;[90m# com.noizyoysters.step_definition.ReservationStepDef.userEnterAllInformationAndChooseOfPeople(java.lang.String)&amp#27;[0m
      &amp#27;[31morg.openqa.selenium.StaleElementReferenceException: The element with the reference 92ba8ce6-75a9-46ca-938a-0adbed915325 is stale; either its node document is not the active document, or it is no longer connected to the DOM
For documentation on this error, please visit: https://selenium.dev/exceptions/#stale_element_reference
Build info: version: '4.8.1', revision: '8ebccac989'
System info: os.name: 'Windows 10', os.arch: 'amd64', os.version: '10.0', java.version: '1.8.0_231'
Driver info: org.openqa.selenium.firefox.FirefoxDriver
Command: [749bd451-19bb-4ec4-8493-4f7ce4c92325, clickElement {id=92ba8ce6-75a9-46ca-938a-0adbed915325}]
Capabilities {acceptInsecureCerts: true, browserName: firefox, browserVersion: 118.0.2, moz:accessibilityChecks: false, moz:buildID: 20231009140911, moz:debuggerAddress: 127.0.0.1:3973, moz:geckodriverVersion: 0.33.0, moz:headless: false, moz:platformVersion: 10.0, moz:processID: 3304, moz:profile: C:\Users\USER\AppData\Local..., moz:shutdownTimeout: 60000, moz:webdriverClick: true, moz:windowless: false, pageLoadStrategy: normal, platformName: WINDOWS, proxy: Proxy(), se:cdp: ws://127.0.0.1:3973/devtool..., se:cdpVersion: 85.0, setWindowRect: true, strictFileInteractability: false, timeouts: {implicit: 0, pageLoad: 300000, script: 30000}, unhandledPromptBehavior: dismiss and notify}
Element: [[FirefoxDriver: firefox on WINDOWS (749bd451-19bb-4ec4-8493-4f7ce4c92325)] -> xpath: //div[@class='xdsoft_time '][2]]
Session ID: 749bd451-19bb-4ec4-8493-4f7ce4c92325
	at sun.reflect.NativeConstructorAccessorImpl.newInstance0(Native Method)
	at sun.reflect.NativeConstructorAccessorImpl.newInstance(NativeConstructorAccessorImpl.java:62)
	at sun.reflect.DelegatingConstructorAccessorImpl.newInstance(DelegatingConstructorAccessorImpl.java:45)
	at java.lang.reflect.Constructor.newInstance(Constructor.java:423)
	at org.openqa.selenium.remote.codec.w3c.W3CHttpResponseCodec.createException(W3CHttpResponseCodec.java:200)
	at org.openqa.selenium.remote.codec.w3c.W3CHttpResponseCodec.decode(W3CHttpResponseCodec.java:133)
	at org.openqa.selenium.remote.codec.w3c.W3CHttpResponseCodec.decode(W3CHttpResponseCodec.java:53)
	at org.openqa.selenium.remote.HttpCommandExecutor.execute(HttpCommandExecutor.java:184)
	at org.openqa.selenium.remote.service.DriverCommandExecutor.invokeExecute(DriverCommandExecutor.java:167)
	at org.openqa.selenium.remote.service.DriverCommandExecutor.execute(DriverCommandExecutor.java:142)
	at org.openqa.selenium.remote.RemoteWebDriver.execute(RemoteWebDriver.java:543)
	at org.openqa.selenium.remote.RemoteWebElement.execute(RemoteWebElement.java:257)
	at org.openqa.selenium.remote.RemoteWebElement.click(RemoteWebElement.java:78)
	at sun.reflect.GeneratedMethodAccessor111.invoke(Unknown Source)
	at sun.reflect.DelegatingMethodAccessorImpl.invoke(DelegatingMethodAccessorImpl.java:43)
	at java.lang.reflect.Method.invoke(Method.java:498)
	at org.openqa.selenium.support.pagefactory.internal.LocatingElementHandler.invoke(LocatingElementHandler.java:52)
	at com.sun.proxy.$Proxy22.click(Unknown Source)
	at com.noizyoysters.step_definition.ReservationStepDef.userEnterAllInformationAndChooseOfPeople(ReservationStepDef.java:119)
	at вњЅ.user enter all information and choose "12" of people(file:///C:/Users/USER/WORKSPACE/NoizyOysters/src/test/resources/features/reservation.feature:28)
&amp#27;[0m
  &amp#27;[36mThen &amp#27;[0m&amp#27;[36muser should see correct quantity on the screen&amp#27;[0m       &amp#27;[90m# com.noizyoysters.step_definition.ReservationStepDef.userShouldSeeCorrectQuantityOnTheScreen()&amp#27;[0m

    Embedding Attached img [image/png 75434 bytes]

THIS IS FROM @After inside hooks class
]]></system-out>
    <system-err><![CDATA[[pool-2-thread-5] INFO io.github.bonigarcia.wdm.WebDriverManager - Using geckodriver 0.33.0 (resolved driver for Firefox 118)
[pool-2-thread-5] INFO io.github.bonigarcia.wdm.WebDriverManager - Exporting webdriver.gecko.driver as C:\Users\USER\.cache\selenium\geckodriver\win64\0.33.0\geckodriver.exe
1698216040187	geckodriver	INFO	Listening on 127.0.0.1:22057
1698216040733	mozrunner::runner	INFO	Running command: "C:\\Program Files\\Mozilla Firefox\\firefox.exe" "--marionette" "--remote-debugging-port" "3973" "--remote- ... ://localhost:3973/,http://[::1]:3973/" "-no-remote" "-profile" "C:\\Users\\USER\\AppData\\Local\\Temp\\rust_mozprofilengBYiV"
console.warn: services.settings: Ignoring preference override of remote settings server
console.warn: services.settings: Allow by setting MOZ_REMOTE_SETTINGS_DEVTOOLS=1 in the environment
1698216041235	Marionette	INFO	Marionette enabled
Dynamically enable window occlusion 0
1698216041340	Marionette	INFO	Listening on port 50333
WebDriver BiDi listening on ws://127.0.0.1:3973
Read port: 50333
1698216042017	RemoteAgent	WARN	TLS certificate errors will be ignored for this session
DevTools listening on ws://127.0.0.1:3973/devtools/browser/9a4185e3-11d0-4d06-b9c8-a4b28f1b8ac4
console.warn: services.settings: Ignoring preference override of remote settings server
console.warn: services.settings: Allow by setting MOZ_REMOTE_SETTINGS_DEVTOOLS=1 in the environment
console.error: (new TypeError("lazy.AsyncShutdown.profileBeforeChange is undefined", "resource://services-settings/Database.sys.mjs", 593))
console.error: ({})
1698216051926	RemoteAgent	INFO	Perform WebSocket upgrade for incoming connection from 127.0.0.1:50374
1698216051930	CDP	WARN	Invalid browser preferences for CDP. Set "fission.webContentIsolationStrategy"to 0 and "fission.bfcacheInParent" to false before Firefox starts.
1698216051931	Marionette	INFO	Stopped listening on port 50333
Dynamically enable window occlusion 1
]]></system-err>
  </testcase>
</testsuite>