<?xml version="1.0" encoding="UTF-8"?>
<testsuite xmlns:xsi="http://www.w3.org/2001/XMLSchema-instance" xsi:noNamespaceSchemaLocation="https://maven.apache.org/surefire/maven-surefire-plugin/xsd/surefire-test-report-3.0.xsd" version="3.0" name="User should be able to see drinks menu" time="32.685" tests="1" errors="0" skipped="0" failures="0">
  <properties>
[...]
</properties>
  <testcase name="user should see following products in Noizy Favorites section" classname="User should be able to see drinks menu" time="32.685">
    <system-out><![CDATA[
@regression
Scenario: user should see following products in Noizy Favorites section &amp#27;[90m# src/test/resources/features/drinksMenu.feature:7&amp#27;[0m
THIS IS FROM @Before inside hooks class
  &amp#27;[32mGiven &amp#27;[0m&amp#27;[32muser at the drinks menu page&amp#27;[0m                                    &amp#27;[90m# com.noizyoysters.step_definition.DrinksMenuStepDef.user_at_the_drinks_menu_page()&amp#27;[0m
  &amp#27;[32mWhen &amp#27;[0m&amp#27;[32muser scroll down to the Noizy Favorites&amp#27;[0m                          &amp#27;[90m# com.noizyoysters.step_definition.DrinksMenuStepDef.user_scroll_down_to_the_noizy_favorites()&amp#27;[0m
  &amp#27;[32mThen &amp#27;[0m&amp#27;[32muser should see&amp#27;[0m                                                  &amp#27;[90m# com.noizyoysters.step_definition.DrinksMenuStepDef.user_should_see(java.util.Map<java.lang.String, java.lang.String>)&amp#27;[0m
    | Oyster Shooter             | $4.99  |
    | Noizy Margarita            | $10.99 |
    | Paloma                     | $12.99 |
    | Martini                    | $10.99 |
    | Mimosa                     | $10.99 |
    | Moscow Mule                | $12.99 |
    | Bloody Mary                | $12.99 |
    | Aperol Spritz              | $12.99 |
    | Seabreeze                  | $10.99 |
    | Fresh Strawberry Margarita | $10.99 |
    | Pineapple Margarita        | $10.99 |
    | Hibiscus Margarita         | $12.99 |
    | Appletini                  | $10.99 |
    | Mojito                     | $12.99 |
    | Long Island Iced Tea       | $12.99 |
    | Cosmopolitan               | $12.99 |
    | Noizy Sweet Tea Vodka      | $10.99 |
    | Pina Colada                | $12.99 |
THIS IS FROM @After inside hooks class
]]></system-out>
    <system-err><![CDATA[[pool-2-thread-1] INFO io.github.bonigarcia.wdm.WebDriverManager - Using geckodriver 0.33.0 (resolved driver for Firefox 118)
[pool-2-thread-1] INFO io.github.bonigarcia.wdm.WebDriverManager - Exporting webdriver.gecko.driver as C:\Users\USER\.cache\selenium\geckodriver\win64\0.33.0\geckodriver.exe
1698215706633	geckodriver	INFO	Listening on 127.0.0.1:47156
1698215707728	mozrunner::runner	INFO	Running command: "C:\\Program Files\\Mozilla Firefox\\firefox.exe" "--marionette" "--remote-debugging-port" "8909" "--remote- ... ://localhost:8909/,http://[::1]:8909/" "-no-remote" "-profile" "C:\\Users\\USER\\AppData\\Local\\Temp\\rust_mozprofileiSRKug"
console.warn: services.settings: Ignoring preference override of remote settings server
console.warn: services.settings: Allow by setting MOZ_REMOTE_SETTINGS_DEVTOOLS=1 in the environment
1698215709156	Marionette	INFO	Marionette enabled
Dynamically enable window occlusion 0
1698215709550	Marionette	INFO	Listening on port 65350
WebDriver BiDi listening on ws://127.0.0.1:8909
Read port: 65350
1698215710164	RemoteAgent	WARN	TLS certificate errors will be ignored for this session
DevTools listening on ws://127.0.0.1:8909/devtools/browser/4b6c1284-22b0-475f-8679-c330f93e08a6
console.error: ({})
console.warn: services.settings: Ignoring preference override of remote settings server
console.warn: services.settings: Allow by setting MOZ_REMOTE_SETTINGS_DEVTOOLS=1 in the environment
console.error: (new TypeError("lazy.AsyncShutdown.profileBeforeChange is undefined", "resource://services-settings/Database.sys.mjs", 593))
1698215727139	RemoteAgent	INFO	Perform WebSocket upgrade for incoming connection from 127.0.0.1:65517
1698215727155	CDP	WARN	Invalid browser preferences for CDP. Set "fission.webContentIsolationStrategy"to 0 and "fission.bfcacheInParent" to false before Firefox starts.
1698215727752	Marionette	INFO	Stopped listening on port 65350
JavaScript warning: https://www.gstatic.com/recaptcha/releases/vm_YDiq1BiI3a8zfbIPZjtF2/recaptcha__en.js, line 477: Script terminated by timeout at:
X<@https://www.gstatic.com/recaptcha/releases/vm_YDiq1BiI3a8zfbIPZjtF2/recaptcha__en.js:477:85
Y8@https://www.gstatic.com/recaptcha/releases/vm_YDiq1BiI3a8zfbIPZjtF2/recaptcha__en.js:548:383
dP.prototype.dispatchEvent@https://www.gstatic.com/recaptcha/releases/vm_YDiq1BiI3a8zfbIPZjtF2/recaptcha__en.js:643:141
g<@https://www.gstatic.com/recaptcha/releases/vm_YDiq1BiI3a8zfbIPZjtF2/recaptcha__en.js:391:19
@https://www.gstatic.com/recaptcha/releases/vm_YDiq1BiI3a8zfbIPZjtF2/recaptcha__en.js:673:161
E@https://www.gstatic.com/recaptcha/releases/vm_YDiq1BiI3a8zfbIPZjtF2/recaptcha__en.js:525:410
@https://www.gstatic.com/recaptcha/releases/vm_YDiq1BiI3a8zfbIPZjtF2/recaptcha__en.js:673:124

JavaScript warning: https://www.gstatic.com/recaptcha/releases/vm_YDiq1BiI3a8zfbIPZjtF2/recaptcha__en.js, line 403: Script terminated by timeout at:
g<@https://www.gstatic.com/recaptcha/releases/vm_YDiq1BiI3a8zfbIPZjtF2/recaptcha__en.js:403:174
@https://www.gstatic.com/recaptcha/releases/vm_YDiq1BiI3a8zfbIPZjtF2/recaptcha__en.js:831:318
X<@https://www.gstatic.com/recaptcha/releases/vm_YDiq1BiI3a8zfbIPZjtF2/recaptcha__en.js:461:436
V</this.next@https://www.gstatic.com/recaptcha/releases/vm_YDiq1BiI3a8zfbIPZjtF2/recaptcha__en.js:531:160
V</H<@https://www.gstatic.com/recaptcha/releases/vm_YDiq1BiI3a8zfbIPZjtF2/recaptcha__en.js:533:393
V<@https://www.gstatic.com/recaptcha/releases/vm_YDiq1BiI3a8zfbIPZjtF2/recaptcha__en.js:533:286
T<@https://www.gstatic.com/recaptcha/releases/vm_YDiq1BiI3a8zfbIPZjtF2/recaptcha__en.js:138:306
qg.prototype.send@https://www.gstatic.com/recaptcha/releases/vm_YDiq1BiI3a8zfbIPZjtF2/recaptcha__en.js:831:148
@https://www.gstatic.com/recaptcha/releases/vm_YDiq1BiI3a8zfbIPZjtF2/recaptcha__en.js:944:279

Dynamically enable window occlusion 1
]]></system-err>
  </testcase>
</testsuite>